0: 1
1: 2
2: 3
3: 4
4: 5
5: 6
6: 7
7: 8
8: 9
9: 10
10: 11
11: 12
12: 13
13: 14
14: 15
15: 16
16: 1
17: 17
18: 18
19: 9
20: 19
21: 20
22: 21
23: 22
24: 8
25: 23
26: 24
27: 20
28: 25
29: 26
30: 20
31: 27
32: 1
33: 28
34: 29
35: 30
36: 30
37: 20
38: 31
39: 32
40: 33
41: 34
42: 35
43: 36
44: 37
45: 38
46: 24
47: 31
48: 39
49: 40
50: 1
51: 41
52: 8
53: 42
54: 43
55: 44
56: 33
57: 45
58: 46
59: 47
60: 21
61: 48
62: 21
63: 49
64: 50
65: 1
66: 30
67: 51
68: 20
69: 52
70: 53
71: 54
72: 19
73: 55
74: 19
75: 30
76: 20
77: 46
78: 56
79: 20
80: 20
81: 57
82: 18
83: 58
84: 27
85: 59
86: 60
87: 61
88: 24
89: 24
90: 9
91: 62
92: 63
93: 64
94: 9
95: 65
96: 66
97: 67
98: 20
99: 68
