0: 1
1: 1
2: 1
3: 2
4: 1
5: 1
6: 1
7: 3
8: 1
9: 1
10: 1
11: 4
12: 1
13: 1
14: 5
15: 6
16: 1
17: 1
18: 7
19: 1
20: 1
21: 1
22: 1
23: 8
24: 1
25: 1
26: 1
27: 9
28: 1
29: 10
30: 1
31: 11
32: 12
33: 13
34: 14
35: 15
36: 1
37: 16
38: 17
39: 18
40: 1
41: 1
42: 1
43: 19
44: 1
45: 20
46: 21
47: 1
48: 1
49: 22
50: 1
51: 23
52: 1
53: 24
54: 25
55: 26
56: 1
57: 1
58: 1
59: 1
60: 1
61: 27
62: 1
63: 28
64: 29
65: 1
66: 1
67: 30
68: 24
69: 1
70: 1
71: 1
72: 31
73: 7
74: 1
75: 1
76: 1
77: 32
78: 33
79: 34
80: 1
81: 35
82: 36
83: 1
84: 1
85: 37
86: 1
87: 38
88: 1
89: 1
90: 1
91: 1
92: 1
93: 39
94: 40
95: 1
96: 1
97: 41
98: 1
99: 1
100: 1
101: 1
102: 1
103: 42
104: 1
105: 43
106: 1
107: 31
108: 1
109: 44
110: 1
111: 1
112: 1
113: 1
114: 1
115: 45
116: 1
117: 46
118: 1
119: 1
120: 1
121: 47
122: 48
123: 49
124: 1
125: 1
126: 1
127: 1
128: 1
129: 50
130: 1
131: 51
132: 52
133: 1
134: 53
135: 54
136: 1
137: 55
138: 1
139: 56
140: 1
141: 57
142: 1
143: 58
144: 1
145: 1
146: 59
147: 60
148: 1
149: 61
150: 62
151: 1
152: 1
153: 1
154: 63
155: 64
156: 65
157: 1
158: 66
159: 67
160: 1
161: 68
162: 69
163: 55
164: 1
165: 1
166: 1
167: 1
168: 1
169: 1
170: 1
171: 1
172: 1
173: 4
174: 1
175: 70
176: 71
177: 1
178: 1
179: 1
180: 1
181: 72
182: 1
183: 73
184: 1
185: 74
186: 75
187: 76
188: 1
189: 1
190: 1
191: 1
192: 1
193: 77
194: 78
195: 79
196: 1
197: 1
198: 1
199: 80
200: 1
201: 81
202: 1
203: 82
204: 1
205: 1
206: 1
207: 83
208: 1
209: 1
210: 1
211: 84
212: 85
213: 86
214: 1
215: 1
216: 1
217: 87
218: 1
219: 88
220: 1
221: 89
222: 1
223: 90
224: 91
225: 1
226: 92
227: 93
228: 1
229: 1
230: 1
231: 94
232: 1
233: 1
234: 1
235: 1
236: 1
237: 95
238: 96
239: 1
240: 1
241: 97
242: 1
243: 1
244: 98
245: 99
246: 1
247: 100
248: 1
249: 101
250: 1
251: 1
252: 102
253: 103
254: 1
255: 104
256: 1
257: 1
258: 1
259: 105
260: 1
261: 1
262: 72
263: 1
264: 1
265: 106
266: 1
267: 107
268: 1
269: 108
270: 1
271: 109
272: 1
273: 1
274: 1
275: 1
276: 110
277: 111
278: 1
279: 1
280: 1
281: 112
282: 1
283: 1
284: 1
285: 100
286: 1
287: 113
288: 1
289: 114
290: 1
291: 115
292: 1
293: 1
294: 1
295: 1
296: 1
297: 116
298: 117
299: 1
300: 1
301: 1
302: 75
303: 1
304: 1
305: 1
306: 118
307: 1
308: 1
309: 119
310: 1
311: 1
312: 120
313: 121
314: 122
315: 1
316: 1
317: 123
318: 124
319: 125
320: 1
321: 126
322: 127
323: 1
324: 1
325: 1
326: 128
327: 1
328: 1
329: 129
330: 1
331: 130
332: 1
333: 131
334: 1
335: 1
336: 20
337: 1
338: 1
339: 132
340: 1
341: 1
342: 133
343: 134
344: 1
345: 1
346: 1
347: 135
348: 1
349: 136
350: 104
351: 1
352: 1
353: 137
354: 1
355: 1
356: 1
357: 1
358: 1
359: 1
360: 1
361: 138
362: 139
363: 1
364: 1
365: 140
366: 141
367: 142
368: 1
369: 143
370: 1
371: 144
372: 1
373: 145
374: 75
375: 1
376: 1
377: 146
378: 1
379: 1
380: 1
381: 70
382: 1
383: 147
384: 1
385: 1
386: 148
387: 1
388: 1
389: 149
390: 150
391: 1
392: 1
393: 151
394: 1
395: 1
396: 1
397: 152
398: 1
399: 153
400: 1
401: 154
402: 155
403: 1
404: 1
405: 1
406: 156
407: 157
408: 1
409: 1
410: 1
411: 1
412: 1
413: 158
414: 1
415: 159
416: 1
417: 1
418: 160
419: 161
420: 1
421: 162
422: 1
423: 163
424: 1
425: 110
426: 164
427: 165
428: 1
429: 1
430: 1
431: 1
432: 1
433: 166
434: 1
435: 167
436: 1
437: 168
438: 169
439: 170
440: 1
441: 1
442: 1
443: 171
444: 1
445: 172
446: 1
447: 1
448: 1
449: 173
450: 1
451: 174
452: 1
453: 175
454: 176
455: 1
456: 1
457: 177
458: 1
459: 178
460: 1
461: 1
462: 1
463: 1
464: 1
465: 1
466: 64
467: 1
468: 1
469: 179
470: 1
471: 1
472: 1
473: 180
474: 1
475: 1
476: 1
477: 181
478: 1
479: 182
480: 1
481: 1
482: 1
483: 183
484: 1
485: 1
486: 184
487: 1
488: 1
489: 1
490: 1
491: 1
492: 185
493: 1
494: 186
495: 187
496: 1
497: 188
498: 1
499: 189
500: 1
501: 190
502: 1
503: 191
504: 1
505: 1
506: 1
507: 1
508: 1
509: 192
510: 193
511: 194
512: 1
513: 195
514: 124
515: 1
516: 196
517: 197
518: 1
519: 198
520: 1
521: 199
522: 1
523: 200
524: 1
525: 1
526: 201
527: 1
528: 1
529: 1
530: 1
531: 202
532: 1
533: 203
534: 28
535: 1
536: 1
537: 204
538: 1
539: 1
540: 1
541: 205
542: 206
543: 1
544: 1
545: 1
546: 1
547: 207
548: 154
549: 208
550: 1
551: 209
552: 1
553: 1
554: 1
555: 210
556: 86
557: 172
558: 1
559: 211
560: 1
561: 212
562: 1
563: 1
564: 1
565: 1
566: 1
567: 213
568: 1
569: 214
570: 1
571: 215
572: 1
573: 216
574: 154
575: 217
576: 1
577: 218
578: 1
579: 1
580: 1
581: 219
582: 220
583: 1
584: 221
585: 1
586: 1
587: 1
588: 1
589: 222
590: 1
591: 223
592: 1
593: 219
594: 1
595: 1
596: 224
597: 1
598: 1
599: 225
600: 1
601: 226
602: 1
603: 227
604: 1
605: 1
606: 1
607: 228
608: 1
609: 229
610: 1
611: 230
612: 231
613: 1
614: 232
615: 1
616: 1
617: 1
618: 17
619: 233
620: 1
621: 1
622: 234
623: 1
624: 235
625: 1
626: 1
627: 236
628: 237
629: 238
630: 1
631: 239
632: 1
633: 240
634: 156
635: 241
636: 1
637: 242
638: 1
639: 243
640: 1
641: 244
642: 229
643: 245
644: 1
645: 246
646: 247
647: 1
648: 1
649: 1
650: 1
651: 248
652: 1
653: 1
654: 1
655: 1
656: 1
657: 249
658: 250
659: 251
660: 1
661: 252
662: 1
663: 1
664: 1
665: 253
666: 1
667: 12
668: 254
669: 1
670: 1
671: 255
672: 256
673: 257
674: 258
675: 1
676: 1
677: 259
678: 1
679: 260
680: 1
681: 261
682: 1
683: 262
684: 1
685: 1
686: 263
687: 1
688: 1
689: 264
690: 1
691: 265
692: 266
693: 267
694: 1
695: 268
696: 1
697: 1
698: 269
699: 270
700: 1
701: 250
702: 1
703: 1
704: 1
705: 271
706: 1
707: 272
708: 1
709: 273
710: 1
711: 1
712: 274
713: 1
714: 246
715: 1
716: 1
717: 275
718: 1
719: 1
720: 1
721: 276
722: 1
723: 277
724: 1
725: 1
726: 1
727: 278
728: 1
729: 1
730: 1
731: 279
732: 280
733: 281
734: 1
735: 104
736: 1
737: 282
738: 1
739: 283
740: 17
741: 1
742: 1
743: 1
744: 1
745: 284
746: 1
747: 1
748: 1
749: 285
750: 1
751: 286
752: 287
753: 288
754: 1
755: 289
756: 1
757: 290
758: 291
759: 292
760: 1
761: 1
762: 1
763: 293
764: 1
765: 294
766: 1
767: 1
768: 1
769: 295
770: 1
771: 1
772: 1
773: 1
774: 1
775: 1
776: 1
777: 62
778: 1
779: 1
780: 1
781: 296
782: 1
783: 297
784: 1
785: 1
786: 1
787: 298
788: 1
789: 1
790: 1
791: 1
792: 1
793: 299
794: 300
795: 1
796: 1
797: 172
798: 301
799: 1
800: 1
801: 302
802: 303
803: 304
804: 1
805: 305
806: 1
807: 306
808: 1
809: 307
810: 1
811: 80
812: 70
813: 1
814: 1
815: 308
816: 1
817: 1
818: 1
819: 1
820: 1
821: 309
822: 1
823: 310
824: 1
825: 1
826: 124
827: 1
828: 1
829: 311
830: 111
831: 312
832: 1
833: 1
834: 1
835: 1
836: 1
837: 313
838: 1
839: 1
840: 1
841: 314
842: 1
843: 1
844: 1
845: 315
846: 316
847: 317
848: 1
849: 318
850: 1
851: 319
852: 1
853: 1
854: 320
855: 211
856: 1
857: 321
858: 1
859: 322
860: 1
861: 3
862: 323
863: 1
864: 1
865: 1
866: 1
867: 125
868: 1
869: 324
870: 1
871: 1
872: 1
873: 179
874: 325
875: 1
876: 1
877: 1
878: 326
879: 1
880: 1
881: 327
882: 328
883: 329
884: 1
885: 330
886: 1
887: 91
888: 1
889: 331
890: 1
891: 332
892: 1
893: 333
894: 334
895: 1
896: 1
897: 278
898: 1
899: 1
900: 1
901: 1
902: 319
903: 1
904: 1
905: 335
906: 336
907: 1
908: 1
909: 337
910: 1
911: 1
912: 1
913: 102
914: 285
915: 338
916: 1
917: 339
918: 340
919: 1
920: 1
921: 341
922: 342
923: 1
924: 1
925: 1
926: 1
927: 343
928: 1
929: 344
930: 1
931: 1
932: 1
933: 127
934: 345
935: 1
936: 1
937: 346
938: 347
939: 348
940: 1
941: 349
942: 1
943: 1
944: 1
945: 1
946: 1
947: 1
948: 1
949: 350
950: 1
951: 1
952: 351
953: 352
954: 91
955: 1
956: 1
957: 353
958: 1
959: 354
960: 1
961: 1
962: 204
963: 355
964: 356
965: 1
966: 1
967: 357
968: 1
969: 358
970: 1
971: 1
972: 359
973: 360
974: 361
975: 1
976: 1
977: 362
978: 1
979: 363
980: 1
981: 345
982: 364
983: 1
984: 1
985: 1
986: 365
987: 366
988: 367
989: 368
990: 1
991: 1
992: 1
993: 369
994: 1
995: 1
996: 1
997: 1
998: 370
999: 1
