0 12 (T)
0 20 (F)
0 23 (F)
0 26 (F)
0 31 (F)
0 79 (F)
0 83 (F)
0 93 (F)
1 1 (B)
1 10 (B)
1 52 (B)
1 65 (T)
1 76 (F)
1 89 (F)
2 30 (T)
2 52 (B)
2 59 (F)
2 72 (F)
2 78 (F)
2 95 (F)
3 20 (T)
3 38 (F)
3 42 (F)
3 75 (F)
3 90 (F)
3 92 (F)
4 52 (T)
4 59 (F)
5 24 (T)
5 28 (F)
5 29 (F)
5 35 (F)
5 72 (F)
5 92 (F)
5 99 (F)
6 17 (T)
6 93 (F)
7 23 (B)
7 25 (B)
7 31 (B)
7 38 (B)
7 95 (C)
8 37 (T)
8 58 (F)
8 68 (F)
8 95 (F)
9 48 (T)
9 73 (F)
9 81 (F)
9 85 (F)
10 11 (T)
10 47 (F)
10 78 (F)
10 85 (F)
11 4 (T)
11 6 (B)
11 23 (F)
11 55 (F)
11 60 (F)
11 71 (T)
11 84 (F)
12 6 (T)
12 13 (F)
12 18 (F)
12 22 (F)
12 28 (F)
12 37 (F)
12 54 (F)
13 8 (B)
13 22 (T)
13 28 (F)
13 57 (T)
13 97 (F)
14 1 (T)
14 18 (F)
14 32 (F)
14 33 (F)
15 2 (B)
15 13 (T)
15 47 (F)
15 55 (F)
15 80 (F)
16 8 (T)
16 24 (F)
16 29 (F)
16 45 (F)
16 67 (F)
16 78 (F)
16 83 (F)
16 93 (F)
17 10 (T)
17 25 (F)
17 26 (F)
17 46 (T)
17 97 (F)
18 29 (B)
18 85 (T)
18 95 (F)
19 32 (B)
19 41 (C)
19 43 (B)
19 47 (B)
19 52 (B)
19 70 (B)
20 13 (B)
20 15 (B)
20 66 (T)
20 83 (F)
21 1 (B)
21 2 (B)
21 41 (T)
21 50 (B)
22 5 (T)
22 22 (B)
22 28 (F)
23 27 (T)
23 35 (F)
23 88 (F)
23 96 (F)
24 16 (B)
24 26 (T)
24 33 (F)
24 38 (F)
24 39 (T)
24 59 (F)
24 81 (F)
24 83 (F)
24 85 (F)
25 44 (B)
25 74 (T)
25 93 (F)
26 23 (T)
26 58 (F)
26 76 (F)
26 91 (F)
27 14 (T)
27 28 (T)
27 69 (F)
27 88 (F)
28 49 (C)
28 95 (C)
29 3 (T)
29 9 (B)
29 51 (F)
29 90 (F)
30 15 (T)
30 16 (B)
30 18 (F)
30 26 (F)
30 36 (F)
30 52 (B)
31 9 (B)
31 29 (T)
31 41 (F)
31 44 (B)
31 53 (F)
31 56 (T)
31 73 (F)
32 2 (B)
32 29 (B)
32 35 (T)
32 42 (F)
32 59 (F)
32 94 (F)
33 47 (B)
33 93 (T)
33 95 (B)
34 12 (B)
34 80 (T)
34 81 (B)
35 3 (B)
35 53 (T)
36 24 (B)
36 50 (B)
36 84 (T)
36 97 (F)
37 8 (B)
37 16 (B)
37 44 (T)
37 51 (F)
37 57 (F)
37 61 (F)
38 13 (B)
38 17 (B)
38 23 (B)
38 43 (T)
38 63 (F)
39 2 (B)
39 19 (C)
39 35 (C)
39 36 (C)
39 44 (B)
39 47 (C)
39 55 (T)
39 77 (C)
39 80 (C)
40 34 (B)
40 44 (B)
41 20 (B)
41 29 (B)
42 1 (B)
42 31 (B)
43 15 (B)
43 45 (T)
43 70 (F)
43 86 (T)
44 2 (T)
44 38 (F)
44 58 (F)
44 60 (F)
44 86 (F)
44 99 (F)
45 15 (B)
45 61 (T)
45 69 (F)
46 32 (C)
46 43 (C)
46 53 (C)
46 55 (C)
46 77 (C)
47 14 (B)
47 21 (C)
47 32 (B)
47 47 (B)
47 48 (B)
47 58 (T)
47 70 (T)
47 87 (T)
47 89 (T)
47 92 (F)
48 17 (B)
48 23 (B)
48 31 (T)
48 73 (F)
48 74 (F)
48 96 (T)
49 13 (B)
49 21 (C)
49 38 (B)
49 64 (T)
49 72 (F)
50 23 (B)
50 34 (T)
51 17 (B)
51 45 (C)
51 52 (B)
51 65 (B)
52 16 (T)
52 19 (F)
52 44 (F)
52 61 (F)
52 63 (F)
52 75 (F)
53 81 (T)
54 16 (B)
54 32 (B)
54 75 (C)
55 1 (C)
55 2 (B)
55 37 (B)
55 43 (C)
56 12 (B)
56 24 (B)
56 43 (C)
56 54 (C)
56 93 (C)
57 19 (C)
57 23 (C)
57 72 (C)
57 73 (C)
58 1 (B)
58 18 (B)
58 36 (B)
58 41 (C)
58 47 (B)
58 58 (B)
58 67 (T)
58 95 (F)
59 14 (B)
59 59 (B)
59 75 (C)
59 92 (C)
60 17 (B)
60 23 (B)
60 69 (B)
60 85 (B)
60 95 (T)
61 2 (B)
61 32 (T)
61 76 (F)
61 79 (F)
62 18 (B)
62 27 (B)
62 54 (C)
62 92 (C)
62 95 (C)
63 17 (B)
63 44 (B)
63 73 (T)
64 10 (B)
64 27 (B)
64 36 (T)
64 54 (F)
65 9 (T)
65 15 (B)
65 47 (F)
65 52 (B)
65 85 (F)
66 4 (B)
66 38 (T)
66 51 (T)
67 60 (T)
67 91 (T)
68 1 (B)
68 8 (B)
68 19 (C)
68 41 (C)
68 42 (T)
68 81 (B)
69 49 (T)
69 81 (B)
69 85 (B)
69 99 (T)
70 13 (B)
70 30 (B)
70 75 (T)
70 85 (B)
70 98 (T)
71 11 (B)
71 27 (C)
71 32 (C)
71 57 (C)
71 65 (C)
71 90 (C)
71 91 (C)
71 95 (C)
72 3 (B)
72 19 (T)
72 23 (B)
72 38 (B)
73 10 (B)
73 35 (B)
73 79 (C)
74 22 (B)
74 38 (B)
74 69 (T)
74 76 (T)
74 83 (F)
75 27 (B)
75 30 (B)
75 34 (B)
75 47 (B)
75 60 (C)
75 66 (B)
76 19 (C)
76 29 (B)
76 60 (C)
76 62 (C)
77 35 (B)
77 62 (T)
78 5 (B)
78 19 (C)
78 33 (C)
78 35 (B)
78 36 (C)
78 68 (C)
78 73 (C)
78 77 (C)
78 83 (C)
78 89 (C)
79 1 (B)
79 25 (B)
79 50 (B)
79 72 (C)
80 18 (T)
80 19 (F)
80 62 (F)
80 69 (F)
80 72 (F)
81 50 (T)
81 93 (F)
82 3 (B)
82 7 (T)
82 69 (B)
82 72 (C)
82 88 (T)
83 15 (B)
83 20 (B)
83 92 (T)
84 11 (B)
84 40 (T)
84 47 (T)
84 82 (F)
85 21 (T)
85 25 (T)
85 30 (B)
85 69 (F)
85 76 (F)
85 78 (T)
86 14 (B)
86 54 (C)
86 60 (C)
86 80 (C)
87 2 (B)
87 11 (B)
87 18 (B)
87 19 (C)
87 21 (C)
87 40 (C)
87 82 (C)
88 14 (B)
88 15 (B)
88 21 (C)
88 22 (B)
88 36 (B)
88 83 (T)
88 91 (C)
89 9 (B)
89 16 (B)
89 68 (T)
89 75 (C)
89 77 (T)
89 94 (T)
89 97 (T)
90 9 (B)
90 26 (B)
90 63 (C)
90 85 (B)
91 13 (B)
91 16 (B)
91 30 (B)
91 91 (B)
92 6 (B)
92 54 (T)
92 72 (C)
93 6 (B)
93 18 (B)
93 24 (B)
93 44 (B)
94 19 (C)
94 23 (B)
94 79 (T)
94 88 (C)
95 3 (B)
95 11 (B)
95 20 (B)
95 33 (T)
95 49 (B)
95 52 (B)
96 59 (C)
96 85 (C)
96 90 (C)
97 63 (T)
97 69 (B)
97 79 (C)
97 90 (T)
98 3 (B)
98 72 (T)
98 82 (T)
99 16 (B)
99 32 (B)
99 40 (C)
99 42 (C)
99 59 (T)
99 98 (C)
