0 0 (B)
0 1 (T)
0 3 (F)
0 4 (F)
0 5 (F)
0 6 (F)
0 11 (F)
0 12 (F)
0 14 (F)
0 26 (F)
0 28 (F)
0 29 (F)
0 31 (F)
0 32 (F)
0 33 (F)
0 36 (F)
0 42 (F)
0 43 (F)
0 44 (F)
0 45 (F)
0 48 (F)
0 50 (F)
0 51 (F)
0 52 (F)
0 55 (F)
0 57 (F)
0 58 (F)
0 61 (F)
0 64 (F)
0 65 (F)
0 67 (F)
0 68 (F)
0 70 (F)
0 75 (F)
0 79 (F)
0 80 (F)
0 81 (F)
0 83 (F)
0 91 (F)
0 96 (F)
0 97 (F)
0 98 (F)
0 99 (F)
1 4 (T)
1 5 (F)
1 6 (F)
1 14 (F)
1 15 (F)
1 17 (F)
1 18 (F)
1 19 (F)
1 21 (F)
1 23 (F)
1 25 (F)
1 26 (F)
1 31 (F)
1 33 (F)
1 35 (F)
1 36 (F)
1 38 (F)
1 40 (F)
1 43 (F)
1 47 (F)
1 51 (F)
1 52 (F)
1 53 (F)
1 54 (F)
1 58 (F)
1 59 (F)
1 61 (F)
1 62 (F)
1 65 (F)
1 66 (F)
1 67 (F)
1 77 (F)
1 79 (F)
1 80 (F)
1 81 (F)
1 82 (F)
1 87 (F)
1 88 (F)
1 89 (F)
1 90 (F)
1 91 (F)
1 92 (F)
1 93 (F)
1 95 (F)
1 99 (F)
2 0 (B)
2 1 (B)
2 2 (B)
2 4 (B)
2 10 (T)
2 12 (F)
2 14 (F)
2 24 (F)
2 25 (F)
2 26 (F)
2 27 (F)
2 31 (F)
2 35 (F)
2 36 (F)
2 44 (F)
2 45 (F)
2 46 (F)
2 59 (F)
2 60 (F)
2 61 (F)
2 63 (F)
2 65 (F)
2 70 (F)
2 73 (F)
2 75 (F)
2 77 (F)
2 80 (F)
2 82 (F)
2 83 (F)
2 84 (F)
2 89 (F)
2 91 (F)
2 92 (F)
2 93 (F)
2 95 (F)
2 96 (F)
2 97 (F)
2 98 (F)
3 0 (B)
3 1 (B)
3 5 (T)
3 6 (F)
3 8 (F)
3 9 (F)
3 12 (F)
3 13 (F)
3 14 (F)
3 16 (F)
3 24 (F)
3 25 (F)
3 28 (F)
3 31 (F)
3 33 (F)
3 35 (F)
3 38 (F)
3 40 (F)
3 45 (F)
3 47 (F)
3 53 (F)
3 58 (F)
3 59 (F)
3 66 (F)
3 71 (F)
3 72 (F)
3 74 (F)
3 76 (F)
3 78 (F)
3 79 (F)
3 87 (F)
3 88 (F)
3 89 (F)
3 90 (F)
3 91 (F)
3 92 (F)
3 95 (F)
3 99 (F)
4 1 (B)
4 3 (T)
4 4 (B)
4 5 (F)
4 11 (F)
4 15 (F)
4 17 (F)
4 18 (F)
4 21 (F)
4 30 (F)
4 31 (F)
4 34 (F)
4 36 (F)
4 38 (F)
4 40 (F)
4 44 (F)
4 47 (F)
4 51 (F)
4 52 (F)
4 53 (F)
4 54 (F)
4 55 (F)
4 57 (F)
4 59 (F)
4 60 (F)
4 61 (F)
4 62 (F)
4 63 (F)
4 64 (F)
4 65 (F)
4 67 (F)
4 71 (F)
4 72 (F)
4 73 (F)
4 76 (F)
4 79 (F)
4 86 (F)
4 88 (F)
4 90 (F)
4 93 (F)
4 94 (F)
5 0 (B)
5 2 (T)
5 3 (B)
5 5 (B)
5 7 (F)
5 11 (F)
5 13 (F)
5 16 (F)
5 18 (F)
5 23 (F)
5 27 (F)
5 32 (F)
5 33 (F)
5 37 (F)
5 43 (F)
5 44 (F)
5 46 (F)
5 48 (F)
5 50 (F)
5 51 (F)
5 55 (F)
5 60 (F)
5 63 (F)
5 65 (F)
5 66 (F)
5 67 (F)
5 71 (F)
5 72 (F)
5 74 (F)
5 77 (F)
5 80 (F)
5 82 (F)
5 84 (F)
5 87 (F)
5 89 (F)
5 90 (F)
5 95 (F)
5 96 (F)
5 97 (F)
6 0 (B)
6 2 (B)
6 3 (B)
6 4 (B)
6 7 (T)
6 8 (F)
6 9 (B)
6 10 (B)
6 13 (F)
6 16 (F)
6 17 (B)
6 18 (F)
6 21 (F)
6 24 (F)
6 25 (F)
6 28 (F)
6 29 (F)
6 31 (F)
6 36 (F)
6 37 (F)
6 38 (F)
6 42 (F)
6 47 (F)
6 54 (F)
6 55 (F)
6 56 (F)
6 57 (F)
6 58 (F)
6 60 (F)
6 62 (F)
6 64 (F)
6 65 (F)
6 66 (F)
6 68 (F)
6 69 (F)
6 71 (F)
6 76 (F)
6 77 (F)
6 78 (F)
6 79 (F)
6 80 (F)
6 82 (F)
6 83 (F)
6 84 (F)
6 86 (F)
6 92 (F)
6 95 (F)
7 0 (B)
7 3 (B)
7 4 (B)
7 10 (B)
7 15 (T)
7 16 (F)
7 18 (F)
7 21 (F)
7 22 (F)
7 23 (F)
7 26 (F)
7 30 (F)
7 31 (F)
7 32 (F)
7 33 (F)
7 35 (F)
7 37 (F)
7 38 (F)
7 39 (F)
7 40 (F)
7 42 (F)
7 43 (F)
7 44 (F)
7 45 (F)
7 46 (F)
7 51 (F)
7 54 (F)
7 59 (F)
7 64 (F)
7 65 (F)
7 67 (F)
7 70 (F)
7 71 (F)
7 73 (F)
7 74 (F)
7 76 (F)
7 77 (F)
7 79 (F)
7 80 (F)
7 81 (F)
7 82 (F)
7 89 (F)
7 91 (F)
7 92 (F)
7 93 (F)
7 95 (F)
8 2 (B)
8 3 (B)
8 4 (B)
8 7 (B)
8 8 (B)
8 13 (T)
8 15 (B)
8 16 (F)
8 17 (B)
8 20 (F)
8 21 (F)
8 25 (F)
8 26 (F)
8 31 (F)
8 32 (F)
8 37 (F)
8 39 (F)
8 40 (F)
8 41 (F)
8 43 (F)
8 44 (F)
8 52 (F)
8 53 (F)
8 55 (F)
8 56 (F)
8 57 (F)
8 59 (F)
8 60 (F)
8 61 (F)
8 69 (F)
8 70 (F)
8 71 (F)
8 72 (F)
8 76 (F)
8 78 (F)
8 80 (F)
8 81 (F)
8 83 (F)
8 86 (F)
8 87 (F)
8 90 (F)
8 91 (F)
8 95 (F)
9 0 (B)
9 1 (B)
9 2 (B)
9 6 (T)
9 8 (F)
9 11 (F)
9 15 (F)
9 18 (F)
9 22 (F)
9 23 (F)
9 25 (F)
9 27 (F)
9 30 (F)
9 31 (F)
9 32 (F)
9 33 (F)
9 35 (F)
9 38 (F)
9 41 (F)
9 42 (F)
9 43 (F)
9 44 (F)
9 45 (F)
9 46 (F)
9 47 (F)
9 51 (F)
9 53 (F)
9 54 (F)
9 56 (F)
9 61 (F)
9 63 (F)
9 68 (F)
9 69 (F)
9 71 (F)
9 72 (F)
9 73 (F)
9 77 (F)
9 78 (F)
9 80 (F)
9 82 (F)
9 83 (F)
9 86 (F)
9 87 (F)
9 88 (F)
9 91 (F)
9 94 (F)
9 95 (F)
9 97 (F)
9 98 (F)
10 0 (B)
10 5 (B)
10 17 (T)
10 18 (F)
10 20 (F)
10 26 (F)
10 29 (F)
10 30 (F)
10 33 (F)
10 35 (F)
10 36 (F)
10 47 (F)
10 53 (F)
10 55 (F)
10 58 (F)
10 60 (F)
10 62 (F)
10 63 (F)
10 64 (F)
10 66 (F)
10 68 (F)
10 69 (F)
10 70 (F)
10 71 (F)
10 72 (F)
10 74 (F)
10 75 (F)
10 76 (F)
10 77 (F)
10 78 (F)
10 79 (F)
10 85 (F)
10 86 (F)
10 87 (F)
10 89 (F)
10 95 (F)
10 99 (F)
11 0 (B)
11 3 (B)
11 4 (B)
11 6 (B)
11 8 (B)
11 9 (B)
11 10 (B)
11 14 (T)
11 15 (B)
11 16 (F)
11 20 (F)
11 25 (F)
11 26 (F)
11 29 (F)
11 31 (F)
11 33 (F)
11 39 (F)
11 40 (F)
11 41 (F)
11 42 (F)
11 46 (F)
11 47 (F)
11 49 (F)
11 50 (F)
11 52 (F)
11 55 (F)
11 57 (F)
11 59 (F)
11 60 (F)
11 64 (F)
11 68 (F)
11 71 (F)
11 73 (F)
11 74 (F)
11 77 (F)
11 78 (F)
11 79 (F)
11 80 (F)
11 84 (F)
11 85 (F)
11 86 (F)
11 87 (F)
11 88 (F)
11 89 (F)
11 90 (F)
11 91 (F)
11 93 (F)
11 95 (F)
11 96 (F)
11 97 (F)
11 99 (F)
12 2 (B)
12 5 (B)
12 7 (B)
12 8 (B)
12 11 (B)
12 14 (B)
12 15 (B)
12 16 (B)
12 19 (T)
12 21 (F)
12 22 (F)
12 23 (F)
12 24 (F)
12 26 (F)
12 28 (F)
12 29 (F)
12 33 (F)
12 36 (F)
12 37 (F)
12 38 (F)
12 43 (F)
12 52 (F)
12 55 (F)
12 59 (F)
12 60 (F)
12 62 (F)
12 64 (F)
12 68 (F)
12 73 (F)
12 74 (F)
12 76 (F)
12 78 (F)
12 79 (F)
12 83 (F)
12 85 (F)
12 88 (F)
12 91 (F)
12 93 (F)
12 95 (F)
12 96 (F)
13 4 (B)
13 5 (B)
13 10 (B)
13 11 (T)
13 12 (F)
13 16 (F)
13 17 (B)
13 21 (F)
13 22 (F)
13 24 (F)
13 26 (F)
13 29 (F)
13 30 (F)
13 32 (F)
13 33 (F)
13 35 (F)
13 36 (F)
13 38 (F)
13 39 (F)
13 40 (F)
13 43 (F)
13 44 (F)
13 45 (F)
13 51 (F)
13 52 (F)
13 59 (F)
13 60 (F)
13 61 (F)
13 64 (F)
13 67 (F)
13 70 (F)
13 71 (F)
13 73 (F)
13 74 (F)
13 76 (F)
13 77 (F)
13 79 (F)
13 81 (F)
13 83 (F)
13 85 (F)
13 86 (F)
13 90 (F)
13 91 (F)
13 93 (F)
13 94 (F)
13 99 (F)
14 0 (B)
14 3 (B)
14 8 (B)
14 13 (B)
14 15 (B)
14 16 (T)
14 17 (B)
14 18 (F)
14 19 (F)
14 20 (F)
14 23 (F)
14 25 (F)
14 27 (F)
14 28 (F)
14 29 (F)
14 31 (F)
14 35 (F)
14 36 (F)
14 38 (F)
14 39 (F)
14 44 (F)
14 45 (F)
14 51 (F)
14 52 (F)
14 53 (F)
14 55 (F)
14 56 (F)
14 58 (F)
14 60 (F)
14 61 (F)
14 62 (F)
14 63 (F)
14 68 (F)
14 70 (F)
14 71 (F)
14 74 (F)
14 77 (F)
14 78 (F)
14 84 (F)
14 85 (F)
14 87 (F)
14 88 (F)
14 89 (F)
14 91 (F)
15 2 (B)
15 3 (B)
15 4 (B)
15 8 (T)
15 11 (F)
15 12 (F)
15 14 (F)
15 15 (B)
15 17 (B)
15 19 (F)
15 23 (F)
15 26 (F)
15 28 (F)
15 32 (F)
15 33 (F)
15 37 (F)
15 39 (F)
15 40 (F)
15 44 (F)
15 46 (F)
15 47 (F)
15 48 (F)
15 53 (F)
15 54 (F)
15 55 (F)
15 58 (F)
15 59 (F)
15 62 (F)
15 68 (F)
15 69 (F)
15 71 (F)
15 77 (F)
15 80 (F)
15 81 (F)
15 82 (F)
15 86 (F)
15 91 (F)
15 93 (F)
15 94 (F)
15 96 (F)
16 1 (B)
16 4 (B)
16 6 (B)
16 7 (B)
16 11 (B)
16 12 (T)
16 13 (B)
16 20 (F)
16 21 (F)
16 22 (F)
16 23 (F)
16 26 (F)
16 28 (F)
16 32 (F)
16 34 (F)
16 35 (F)
16 36 (F)
16 40 (F)
16 41 (F)
16 42 (F)
16 43 (F)
16 45 (F)
16 46 (F)
16 48 (F)
16 49 (F)
16 60 (F)
16 61 (F)
16 62 (F)
16 63 (F)
16 64 (F)
16 68 (F)
16 70 (F)
16 71 (F)
16 73 (F)
16 74 (F)
16 75 (F)
16 79 (F)
16 80 (F)
16 81 (F)
16 82 (F)
16 84 (F)
16 86 (F)
16 87 (F)
16 89 (F)
16 91 (F)
16 92 (F)
16 94 (F)
16 95 (F)
17 1 (B)
17 3 (B)
17 9 (T)
17 10 (B)
17 11 (F)
17 17 (B)
17 18 (F)
17 24 (F)
17 25 (F)
17 34 (F)
17 40 (F)
17 45 (F)
17 48 (F)
17 56 (F)
17 57 (F)
17 58 (F)
17 59 (F)
17 60 (F)
17 61 (F)
17 62 (F)
17 63 (F)
17 65 (F)
17 67 (F)
17 70 (F)
17 71 (F)
17 73 (F)
17 78 (F)
17 84 (F)
17 86 (F)
17 88 (F)
17 89 (F)
17 93 (F)
17 95 (F)
17 96 (F)
17 98 (F)
18 3 (B)
18 5 (B)
18 9 (B)
18 10 (B)
18 14 (B)
18 15 (B)
18 17 (B)
18 21 (B)
18 22 (B)
18 24 (T)
18 27 (F)
18 31 (F)
18 32 (F)
18 35 (F)
18 36 (F)
18 39 (F)
18 42 (F)
18 43 (F)
18 45 (F)
18 46 (F)
18 52 (F)
18 57 (F)
18 58 (F)
18 60 (F)
18 64 (F)
18 70 (F)
18 71 (F)
18 73 (F)
18 78 (F)
18 80 (F)
18 81 (F)
18 83 (F)
18 84 (F)
18 86 (F)
18 87 (F)
18 91 (F)
18 92 (F)
18 93 (F)
18 94 (F)
18 96 (F)
18 98 (F)
19 0 (B)
19 4 (B)
19 8 (B)
19 9 (B)
19 10 (B)
19 11 (B)
19 13 (B)
19 15 (B)
19 21 (T)
19 23 (F)
19 25 (F)
19 28 (F)
19 30 (F)
19 34 (F)
19 35 (F)
19 36 (F)
19 37 (F)
19 39 (F)
19 42 (F)
19 43 (F)
19 50 (F)
19 53 (F)
19 58 (F)
19 60 (F)
19 61 (F)
19 63 (F)
19 65 (F)
19 66 (F)
19 68 (F)
19 76 (F)
19 80 (F)
19 84 (F)
19 85 (F)
19 86 (F)
19 87 (F)
19 88 (F)
19 91 (F)
19 92 (F)
19 95 (F)
20 0 (B)
20 2 (B)
20 3 (B)
20 4 (B)
20 8 (B)
20 17 (B)
20 19 (B)
20 20 (B)
20 27 (T)
20 29 (F)
20 30 (F)
20 31 (F)
20 32 (F)
20 36 (F)
20 37 (F)
20 40 (F)
20 44 (F)
20 45 (F)
20 46 (F)
20 48 (F)
20 50 (F)
20 53 (F)
20 54 (F)
20 56 (F)
20 62 (F)
20 63 (F)
20 64 (F)
20 68 (F)
20 71 (F)
20 72 (F)
20 74 (F)
20 76 (F)
20 77 (F)
20 84 (F)
20 85 (F)
20 89 (F)
20 90 (F)
20 92 (F)
20 93 (F)
20 94 (F)
21 2 (B)
21 5 (B)
21 6 (B)
21 9 (B)
21 10 (B)
21 12 (B)
21 17 (B)
21 25 (T)
21 26 (F)
21 27 (F)
21 36 (F)
21 37 (F)
21 39 (F)
21 46 (F)
21 47 (F)
21 48 (F)
21 50 (F)
21 52 (F)
21 53 (F)
21 54 (F)
21 58 (F)
21 60 (F)
21 62 (F)
21 65 (F)
21 66 (F)
21 67 (F)
21 69 (F)
21 70 (F)
21 71 (F)
21 73 (F)
21 74 (F)
21 75 (F)
21 76 (F)
21 78 (F)
21 79 (F)
21 81 (F)
21 82 (F)
21 83 (F)
21 84 (F)
21 85 (F)
21 87 (F)
21 89 (F)
21 91 (F)
21 92 (F)
21 93 (F)
22 1 (B)
22 5 (B)
22 10 (B)
22 11 (B)
22 12 (B)
22 14 (B)
22 17 (B)
22 18 (T)
22 19 (B)
22 20 (F)
22 21 (B)
22 22 (B)
22 24 (F)
22 25 (B)
22 26 (F)
22 28 (F)
22 29 (F)
22 30 (F)
22 31 (F)
22 33 (F)
22 37 (F)
22 38 (F)
22 40 (F)
22 48 (F)
22 50 (F)
22 53 (F)
22 55 (F)
22 56 (F)
22 58 (F)
22 63 (F)
22 64 (F)
22 65 (F)
22 66 (F)
22 69 (F)
22 70 (F)
22 74 (F)
22 77 (F)
22 78 (F)
22 79 (F)
22 80 (F)
22 82 (F)
22 83 (F)
22 86 (F)
22 88 (F)
22 90 (F)
22 92 (F)
22 95 (F)
22 96 (F)
22 97 (F)
23 2 (B)
23 3 (B)
23 6 (B)
23 7 (B)
23 8 (B)
23 9 (B)
23 10 (B)
23 12 (B)
23 13 (B)
23 14 (B)
23 16 (B)
23 25 (B)
23 28 (T)
23 29 (F)
23 30 (F)
23 33 (F)
23 35 (F)
23 36 (F)
23 37 (F)
23 38 (F)
23 40 (F)
23 41 (F)
23 44 (F)
23 45 (F)
23 46 (F)
23 55 (F)
23 56 (F)
23 63 (F)
23 64 (F)
23 68 (F)
23 69 (F)
23 70 (F)
23 72 (F)
23 76 (F)
23 79 (F)
23 80 (F)
23 82 (F)
23 83 (F)
23 88 (F)
23 89 (F)
23 91 (F)
24 2 (B)
24 8 (B)
24 9 (B)
24 14 (B)
24 17 (B)
24 20 (T)
24 21 (B)
24 25 (B)
24 29 (F)
24 32 (F)
24 33 (F)
24 39 (F)
24 43 (F)
24 44 (F)
24 45 (F)
24 48 (F)
24 49 (F)
24 58 (F)
24 61 (F)
24 62 (F)
24 69 (F)
24 73 (F)
24 74 (F)
24 77 (F)
24 78 (F)
24 79 (F)
24 81 (F)
24 82 (F)
24 85 (F)
24 87 (F)
24 88 (F)
24 89 (F)
24 91 (F)
24 92 (F)
24 97 (F)
25 3 (B)
25 4 (B)
25 7 (B)
25 11 (B)
25 12 (B)
25 16 (B)
25 17 (B)
25 21 (B)
25 22 (T)
25 26 (F)
25 27 (F)
25 28 (F)
25 29 (F)
25 32 (F)
25 33 (F)
25 34 (F)
25 36 (F)
25 37 (F)
25 39 (F)
25 42 (F)
25 46 (F)
25 47 (F)
25 48 (F)
25 50 (F)
25 53 (F)
25 55 (F)
25 58 (F)
25 66 (F)
25 67 (F)
25 68 (F)
25 70 (F)
25 72 (F)
25 73 (F)
25 74 (F)
25 75 (F)
25 76 (F)
25 79 (F)
25 81 (F)
25 82 (F)
25 86 (F)
25 88 (F)
25 91 (F)
26 1 (B)
26 4 (B)
26 12 (B)
26 13 (B)
26 14 (B)
26 16 (B)
26 17 (B)
26 20 (B)
26 22 (B)
26 23 (T)
26 24 (B)
26 27 (B)
26 30 (F)
26 31 (F)
26 32 (F)
26 34 (F)
26 40 (F)
26 41 (F)
26 42 (F)
26 44 (F)
26 46 (F)
26 47 (F)
26 48 (F)
26 49 (F)
26 51 (F)
26 52 (F)
26 53 (F)
26 57 (F)
26 58 (F)
26 59 (F)
26 62 (F)
26 65 (F)
26 71 (F)
26 73 (F)
26 74 (F)
26 75 (F)
26 79 (F)
26 80 (F)
26 81 (F)
26 83 (F)
26 84 (F)
26 88 (F)
26 90 (F)
26 91 (F)
26 93 (F)
26 95 (F)
26 97 (F)
26 98 (F)
27 0 (B)
27 1 (B)
27 2 (B)
27 3 (B)
27 6 (B)
27 7 (B)
27 9 (B)
27 11 (B)
27 12 (B)
27 13 (B)
27 14 (B)
27 15 (B)
27 19 (B)
27 21 (B)
27 22 (B)
27 26 (T)
27 28 (F)
27 30 (F)
27 34 (F)
27 38 (F)
27 39 (F)
27 42 (F)
27 44 (F)
27 47 (F)
27 52 (F)
27 53 (F)
27 56 (F)
27 58 (F)
27 63 (F)
27 66 (F)
27 67 (F)
27 69 (F)
27 70 (F)
27 71 (F)
27 72 (F)
27 73 (F)
27 75 (F)
27 80 (F)
27 82 (F)
27 83 (F)
27 84 (F)
27 85 (F)
27 86 (F)
27 87 (F)
27 89 (F)
27 96 (F)
28 0 (B)
28 1 (B)
28 8 (B)
28 9 (B)
28 12 (B)
28 14 (B)
28 17 (B)
28 19 (B)
28 22 (B)
28 24 (B)
28 25 (B)
28 28 (B)
28 31 (T)
28 33 (F)
28 35 (F)
28 38 (F)
28 39 (F)
28 40 (F)
28 46 (F)
28 47 (F)
28 49 (F)
28 50 (F)
28 52 (F)
28 53 (F)
28 55 (F)
28 56 (F)
28 57 (F)
28 58 (F)
28 60 (F)
28 63 (F)
28 65 (F)
28 66 (F)
28 68 (F)
28 70 (F)
28 75 (F)
28 76 (F)
28 78 (F)
28 85 (F)
28 87 (F)
28 88 (F)
28 89 (F)
28 90 (F)
28 93 (F)
28 95 (F)
28 96 (F)
28 97 (F)
28 98 (F)
29 0 (B)
29 2 (B)
29 6 (B)
29 7 (B)
29 8 (B)
29 9 (B)
29 10 (B)
29 13 (B)
29 17 (B)
29 20 (B)
29 22 (B)
29 25 (B)
29 28 (B)
29 32 (T)
29 34 (F)
29 38 (F)
29 39 (F)
29 43 (F)
29 45 (F)
29 46 (F)
29 47 (F)
29 49 (F)
29 50 (F)
29 57 (F)
29 59 (F)
29 62 (F)
29 63 (F)
29 65 (F)
29 66 (F)
29 68 (F)
29 74 (F)
29 76 (F)
29 78 (F)
29 81 (F)
29 87 (F)
29 88 (F)
29 89 (F)
29 92 (F)
29 95 (F)
29 96 (F)
29 97 (F)
29 98 (F)
29 99 (F)
30 1 (B)
30 5 (B)
30 8 (B)
30 9 (B)
30 10 (B)
30 13 (B)
30 16 (B)
30 18 (B)
30 20 (B)
30 23 (B)
30 24 (B)
30 25 (B)
30 30 (B)
30 31 (B)
30 33 (T)
30 34 (F)
30 35 (F)
30 37 (F)
30 38 (F)
30 39 (F)
30 41 (F)
30 47 (F)
30 50 (F)
30 53 (F)
30 54 (F)
30 56 (F)
30 57 (F)
30 58 (F)
30 62 (F)
30 63 (F)
30 72 (F)
30 75 (F)
30 76 (F)
30 80 (F)
30 84 (F)
30 85 (F)
30 86 (F)
30 89 (F)
30 90 (F)
30 91 (F)
30 92 (F)
30 94 (F)
30 96 (F)
31 1 (B)
31 5 (B)
31 7 (B)
31 8 (B)
31 11 (B)
31 12 (B)
31 14 (B)
31 15 (B)
31 16 (B)
31 23 (B)
31 27 (B)
31 30 (T)
31 35 (F)
31 41 (F)
31 44 (F)
31 45 (F)
31 54 (F)
31 56 (F)
31 60 (F)
31 61 (F)
31 62 (F)
31 63 (F)
31 66 (F)
31 70 (F)
31 76 (F)
31 77 (F)
31 78 (F)
31 79 (F)
31 80 (F)
31 83 (F)
31 84 (F)
31 86 (F)
31 87 (F)
31 92 (F)
31 95 (F)
31 98 (F)
32 0 (B)
32 1 (B)
32 2 (B)
32 4 (B)
32 7 (B)
32 10 (B)
32 11 (B)
32 14 (B)
32 15 (B)
32 16 (B)
32 17 (B)
32 18 (B)
32 19 (B)
32 25 (B)
32 26 (B)
32 27 (B)
32 29 (B)
32 35 (T)
32 37 (F)
32 39 (F)
32 44 (F)
32 46 (F)
32 47 (F)
32 49 (F)
32 50 (F)
32 51 (F)
32 53 (F)
32 54 (F)
32 59 (F)
32 62 (F)
32 64 (F)
32 66 (F)
32 68 (F)
32 69 (F)
32 70 (F)
32 74 (F)
32 75 (F)
32 76 (F)
32 79 (F)
32 80 (F)
32 83 (F)
32 85 (F)
32 87 (F)
32 89 (F)
32 90 (F)
32 91 (F)
32 92 (F)
32 97 (F)
32 99 (F)
33 1 (B)
33 4 (B)
33 11 (B)
33 12 (B)
33 13 (B)
33 14 (B)
33 17 (B)
33 21 (B)
33 22 (B)
33 24 (B)
33 27 (B)
33 29 (T)
33 30 (B)
33 32 (F)
33 34 (F)
33 35 (F)
33 37 (F)
33 40 (F)
33 43 (F)
33 44 (F)
33 45 (F)
33 46 (F)
33 47 (F)
33 49 (F)
33 50 (F)
33 51 (F)
33 53 (F)
33 55 (F)
33 57 (F)
33 58 (F)
33 61 (F)
33 62 (F)
33 63 (F)
33 64 (F)
33 65 (F)
33 67 (F)
33 68 (F)
33 69 (F)
33 76 (F)
33 77 (F)
33 79 (F)
33 80 (F)
33 81 (F)
33 86 (F)
33 87 (F)
33 88 (F)
33 89 (F)
33 90 (F)
33 91 (F)
33 93 (F)
33 98 (F)
34 0 (B)
34 2 (B)
34 3 (B)
34 6 (B)
34 7 (B)
34 8 (B)
34 11 (B)
34 15 (B)
34 16 (B)
34 18 (B)
34 19 (B)
34 22 (B)
34 23 (B)
34 24 (B)
34 25 (B)
34 26 (B)
34 28 (B)
34 30 (B)
34 31 (B)
34 34 (B)
34 35 (B)
34 36 (T)
34 37 (F)
34 39 (F)
34 42 (F)
34 44 (F)
34 46 (F)
34 47 (F)
34 48 (F)
34 49 (F)
34 51 (F)
34 52 (F)
34 53 (F)
34 54 (F)
34 55 (F)
34 60 (F)
34 62 (F)
34 63 (F)
34 64 (F)
34 65 (F)
34 66 (F)
34 68 (F)
34 72 (F)
34 74 (F)
34 75 (F)
34 84 (F)
34 86 (F)
34 87 (F)
34 90 (F)
34 94 (F)
34 95 (F)
34 96 (F)
34 98 (F)
34 99 (F)
35 0 (B)
35 1 (B)
35 2 (B)
35 3 (B)
35 4 (B)
35 5 (B)
35 6 (B)
35 10 (B)
35 12 (B)
35 13 (B)
35 19 (B)
35 20 (B)
35 21 (B)
35 22 (B)
35 23 (B)
35 25 (B)
35 26 (B)
35 27 (B)
35 30 (B)
35 34 (T)
35 38 (F)
35 40 (F)
35 42 (F)
35 43 (F)
35 45 (F)
35 55 (F)
35 56 (F)
35 58 (F)
35 59 (F)
35 61 (F)
35 62 (F)
35 64 (F)
35 65 (F)
35 69 (F)
35 70 (F)
35 73 (F)
35 76 (F)
35 77 (F)
35 83 (F)
35 85 (F)
35 87 (F)
35 90 (F)
35 95 (F)
36 0 (B)
36 1 (B)
36 4 (B)
36 8 (B)
36 9 (B)
36 10 (B)
36 12 (B)
36 16 (B)
36 17 (B)
36 18 (B)
36 19 (B)
36 23 (B)
36 24 (B)
36 26 (B)
36 30 (B)
36 33 (B)
36 38 (T)
36 41 (F)
36 43 (F)
36 46 (F)
36 48 (F)
36 49 (F)
36 50 (F)
36 51 (F)
36 56 (F)
36 59 (F)
36 63 (F)
36 65 (F)
36 67 (F)
36 68 (F)
36 72 (F)
36 74 (F)
36 76 (F)
36 77 (F)
36 82 (F)
36 83 (F)
36 84 (F)
36 87 (F)
36 88 (F)
36 89 (F)
36 90 (F)
36 93 (F)
36 95 (F)
36 99 (F)
37 1 (B)
37 4 (B)
37 6 (B)
37 7 (B)
37 9 (B)
37 11 (B)
37 12 (B)
37 13 (B)
37 14 (B)
37 16 (B)
37 17 (B)
37 18 (B)
37 19 (B)
37 21 (B)
37 24 (B)
37 25 (B)
37 26 (B)
37 27 (B)
37 28 (B)
37 31 (B)
37 32 (B)
37 33 (B)
37 35 (B)
37 36 (B)
37 38 (B)
37 39 (T)
37 40 (B)
37 41 (F)
37 42 (F)
37 45 (F)
37 46 (F)
37 50 (F)
37 51 (F)
37 52 (F)
37 53 (F)
37 54 (F)
37 57 (F)
37 59 (F)
37 60 (F)
37 61 (F)
37 62 (F)
37 67 (F)
37 72 (F)
37 79 (F)
37 82 (F)
37 87 (F)
37 88 (F)
37 89 (F)
37 90 (F)
37 93 (F)
37 95 (F)
37 99 (F)
38 2 (B)
38 4 (B)
38 5 (B)
38 9 (B)
38 10 (B)
38 11 (B)
38 14 (B)
38 15 (B)
38 17 (B)
38 21 (B)
38 22 (B)
38 24 (B)
38 29 (B)
38 31 (B)
38 35 (B)
38 36 (B)
38 40 (T)
38 41 (F)
38 42 (F)
38 45 (F)
38 46 (F)
38 47 (F)
38 49 (F)
38 57 (F)
38 61 (F)
38 62 (F)
38 63 (F)
38 64 (F)
38 67 (F)
38 68 (F)
38 70 (F)
38 73 (F)
38 75 (F)
38 76 (F)
38 78 (F)
38 79 (F)
38 81 (F)
38 84 (F)
38 86 (F)
38 89 (F)
38 94 (F)
38 95 (F)
38 97 (F)
39 2 (B)
39 5 (B)
39 7 (B)
39 11 (B)
39 12 (B)
39 14 (B)
39 17 (B)
39 20 (B)
39 21 (B)
39 22 (B)
39 24 (B)
39 25 (B)
39 27 (B)
39 28 (B)
39 30 (B)
39 35 (B)
39 38 (B)
39 39 (B)
39 42 (T)
39 43 (F)
39 46 (F)
39 47 (F)
39 48 (F)
39 49 (F)
39 50 (F)
39 54 (F)
39 56 (F)
39 61 (F)
39 62 (F)
39 67 (F)
39 69 (F)
39 71 (F)
39 73 (F)
39 77 (F)
39 78 (F)
39 79 (F)
39 80 (F)
39 85 (F)
39 86 (F)
39 87 (F)
39 88 (F)
39 91 (F)
39 92 (F)
39 96 (F)
39 97 (F)
39 99 (F)
40 0 (B)
40 2 (B)
40 7 (B)
40 8 (B)
40 9 (B)
40 11 (B)
40 12 (B)
40 15 (B)
40 16 (B)
40 17 (B)
40 18 (B)
40 19 (B)
40 20 (B)
40 23 (B)
40 24 (B)
40 25 (B)
40 26 (B)
40 32 (B)
40 33 (B)
40 35 (B)
40 37 (T)
40 38 (B)
40 39 (F)
40 41 (F)
40 42 (F)
40 43 (F)
40 44 (F)
40 45 (F)
40 50 (F)
40 54 (F)
40 56 (F)
40 57 (F)
40 59 (F)
40 60 (F)
40 63 (F)
40 64 (F)
40 65 (F)
40 68 (F)
40 69 (F)
40 75 (F)
40 78 (F)
40 81 (F)
40 85 (F)
40 86 (F)
40 89 (F)
40 92 (F)
40 95 (F)
40 96 (F)
40 97 (F)
40 99 (F)
41 1 (B)
41 2 (B)
41 4 (B)
41 9 (B)
41 10 (B)
41 12 (B)
41 14 (B)
41 17 (B)
41 19 (B)
41 20 (B)
41 26 (B)
41 34 (B)
41 35 (B)
41 36 (B)
41 37 (B)
41 39 (B)
41 40 (B)
41 41 (B)
41 43 (B)
41 46 (T)
41 48 (F)
41 49 (F)
41 51 (F)
41 54 (F)
41 57 (F)
41 58 (F)
41 59 (F)
41 64 (F)
41 66 (F)
41 68 (F)
41 71 (F)
41 72 (F)
41 73 (F)
41 75 (F)
41 78 (F)
41 79 (F)
41 80 (F)
41 82 (F)
41 83 (F)
41 90 (F)
41 94 (F)
41 96 (F)
41 98 (F)
41 99 (F)
42 0 (B)
42 1 (B)
42 3 (B)
42 6 (B)
42 8 (B)
42 11 (B)
42 12 (B)
42 13 (B)
42 15 (B)
42 16 (B)
42 20 (B)
42 22 (B)
42 23 (B)
42 25 (B)
42 29 (B)
42 30 (B)
42 31 (B)
42 34 (B)
42 37 (B)
42 42 (B)
42 43 (T)
42 45 (F)
42 47 (F)
42 48 (F)
42 49 (F)
42 52 (F)
42 54 (F)
42 55 (F)
42 60 (F)
42 64 (F)
42 67 (F)
42 74 (F)
42 76 (F)
42 79 (F)
42 82 (F)
42 84 (F)
42 86 (F)
42 89 (F)
42 91 (F)
42 93 (F)
42 95 (F)
42 96 (F)
42 97 (F)
42 98 (F)
43 1 (B)
43 4 (B)
43 5 (B)
43 9 (B)
43 10 (B)
43 15 (B)
43 17 (B)
43 19 (B)
43 20 (B)
43 21 (B)
43 22 (B)
43 24 (B)
43 27 (B)
43 32 (B)
43 33 (B)
43 36 (B)
43 41 (T)
43 45 (F)
43 46 (F)
43 47 (F)
43 48 (F)
43 49 (F)
43 53 (F)
43 56 (F)
43 62 (F)
43 65 (F)
43 68 (F)
43 71 (F)
43 73 (F)
43 74 (F)
43 75 (F)
43 76 (F)
43 83 (F)
43 84 (F)
43 85 (F)
43 89 (F)
43 90 (F)
43 91 (F)
43 93 (F)
43 94 (F)
43 97 (F)
43 98 (F)
44 1 (B)
44 4 (B)
44 6 (B)
44 8 (B)
44 9 (B)
44 11 (B)
44 13 (B)
44 15 (B)
44 16 (B)
44 22 (B)
44 23 (B)
44 24 (B)
44 30 (B)
44 31 (B)
44 32 (B)
44 33 (B)
44 34 (B)
44 35 (B)
44 38 (B)
44 40 (B)
44 44 (B)
44 45 (B)
44 48 (T)
44 50 (F)
44 54 (F)
44 56 (F)
44 59 (F)
44 61 (F)
44 65 (F)
44 68 (F)
44 72 (F)
44 83 (F)
44 87 (F)
44 88 (F)
44 89 (F)
44 90 (F)
44 91 (F)
44 92 (F)
44 94 (F)
44 96 (F)
45 0 (B)
45 1 (B)
45 4 (B)
45 5 (B)
45 8 (B)
45 11 (B)
45 16 (B)
45 17 (B)
45 19 (B)
45 20 (B)
45 21 (B)
45 23 (B)
45 24 (B)
45 25 (B)
45 26 (B)
45 28 (B)
45 32 (B)
45 34 (B)
45 41 (B)
45 44 (T)
45 45 (B)
45 47 (F)
45 48 (F)
45 50 (F)
45 52 (F)
45 54 (F)
45 55 (F)
45 57 (F)
45 58 (F)
45 59 (F)
45 60 (F)
45 63 (F)
45 65 (F)
45 68 (F)
45 69 (F)
45 72 (F)
45 73 (F)
45 74 (F)
45 78 (F)
45 79 (F)
45 80 (F)
45 82 (F)
45 88 (F)
45 99 (F)
46 0 (B)
46 2 (B)
46 8 (B)
46 9 (B)
46 10 (B)
46 12 (B)
46 15 (B)
46 17 (B)
46 18 (B)
46 20 (B)
46 22 (B)
46 28 (B)
46 30 (B)
46 31 (B)
46 32 (B)
46 35 (B)
46 39 (B)
46 40 (B)
46 41 (B)
46 43 (B)
46 46 (B)
46 49 (T)
46 52 (F)
46 53 (F)
46 56 (F)
46 59 (F)
46 64 (F)
46 65 (F)
46 66 (F)
46 67 (F)
46 69 (F)
46 74 (F)
46 75 (F)
46 80 (F)
46 81 (F)
46 85 (F)
46 89 (F)
46 90 (F)
46 92 (F)
46 94 (F)
46 95 (F)
46 97 (F)
46 99 (F)
47 0 (B)
47 3 (B)
47 4 (B)
47 6 (B)
47 7 (B)
47 9 (B)
47 13 (B)
47 14 (B)
47 17 (B)
47 18 (B)
47 19 (B)
47 21 (B)
47 22 (B)
47 23 (B)
47 24 (B)
47 26 (B)
47 27 (B)
47 29 (B)
47 30 (B)
47 32 (B)
47 33 (B)
47 34 (B)
47 35 (B)
47 36 (B)
47 39 (B)
47 43 (B)
47 44 (B)
47 45 (B)
47 51 (T)
47 52 (F)
47 53 (F)
47 55 (F)
47 56 (F)
47 57 (F)
47 58 (F)
47 62 (F)
47 64 (F)
47 65 (F)
47 67 (F)
47 74 (F)
47 75 (F)
47 76 (F)
47 81 (F)
47 86 (F)
47 87 (F)
47 88 (F)
47 89 (F)
47 91 (F)
47 95 (F)
47 96 (F)
47 98 (F)
48 0 (B)
48 1 (B)
48 2 (B)
48 3 (B)
48 4 (B)
48 10 (B)
48 11 (B)
48 12 (B)
48 13 (B)
48 14 (B)
48 18 (B)
48 19 (B)
48 21 (B)
48 22 (B)
48 24 (B)
48 34 (B)
48 35 (B)
48 38 (B)
48 40 (B)
48 41 (B)
48 42 (B)
48 43 (B)
48 47 (T)
48 48 (B)
48 49 (B)
48 50 (F)
48 52 (F)
48 56 (F)
48 57 (F)
48 58 (F)
48 61 (F)
48 65 (F)
48 66 (F)
48 67 (F)
48 68 (F)
48 71 (F)
48 73 (F)
48 75 (F)
48 77 (F)
48 80 (F)
48 81 (F)
48 83 (F)
48 85 (F)
48 86 (F)
48 88 (F)
48 89 (F)
48 97 (F)
49 3 (B)
49 7 (B)
49 8 (B)
49 9 (B)
49 12 (B)
49 14 (B)
49 16 (B)
49 17 (B)
49 19 (B)
49 21 (B)
49 22 (B)
49 27 (B)
49 30 (B)
49 32 (B)
49 34 (B)
49 35 (B)
49 36 (B)
49 37 (B)
49 39 (B)
49 41 (B)
49 45 (T)
49 46 (B)
49 48 (F)
49 51 (F)
49 56 (F)
49 58 (F)
49 61 (F)
49 64 (F)
49 67 (F)
49 68 (F)
49 69 (F)
49 70 (F)
49 72 (F)
49 73 (F)
49 77 (F)
49 79 (F)
49 80 (F)
49 85 (F)
49 86 (F)
49 88 (F)
49 89 (F)
49 90 (F)
49 91 (F)
49 92 (F)
49 94 (F)
49 95 (F)
49 97 (F)
49 98 (F)
50 0 (B)
50 2 (B)
50 6 (B)
50 8 (B)
50 11 (B)
50 12 (B)
50 18 (B)
50 21 (B)
50 22 (B)
50 23 (B)
50 26 (B)
50 27 (B)
50 29 (B)
50 32 (B)
50 33 (B)
50 35 (B)
50 36 (B)
50 37 (B)
50 43 (B)
50 44 (B)
50 46 (B)
50 51 (B)
50 52 (B)
50 56 (T)
50 58 (F)
50 60 (F)
50 61 (F)
50 62 (F)
50 66 (F)
50 68 (F)
50 71 (F)
50 74 (F)
50 76 (F)
50 79 (F)
50 80 (F)
50 81 (F)
50 82 (F)
50 83 (F)
50 84 (F)
50 85 (F)
50 90 (F)
50 91 (F)
50 93 (F)
50 97 (F)
50 98 (F)
51 1 (B)
51 2 (B)
51 4 (B)
51 7 (B)
51 10 (B)
51 11 (B)
51 12 (B)
51 16 (B)
51 17 (B)
51 18 (B)
51 19 (B)
51 22 (B)
51 24 (B)
51 25 (B)
51 29 (B)
51 31 (B)
51 32 (B)
51 33 (B)
51 35 (B)
51 36 (B)
51 37 (B)
51 40 (B)
51 43 (B)
51 45 (B)
51 46 (B)
51 49 (B)
51 52 (T)
51 55 (F)
51 56 (F)
51 58 (F)
51 60 (F)
51 63 (F)
51 64 (F)
51 66 (F)
51 69 (F)
51 70 (F)
51 71 (F)
51 73 (F)
51 76 (F)
51 77 (F)
51 84 (F)
51 86 (F)
51 87 (F)
51 90 (F)
51 92 (F)
51 95 (F)
51 97 (F)
51 98 (F)
52 1 (B)
52 2 (B)
52 4 (B)
52 8 (B)
52 10 (B)
52 17 (B)
52 24 (B)
52 25 (B)
52 26 (B)
52 27 (B)
52 28 (B)
52 30 (B)
52 31 (B)
52 32 (B)
52 34 (B)
52 35 (B)
52 40 (B)
52 41 (B)
52 44 (B)
52 49 (B)
52 52 (B)
52 54 (T)
52 55 (F)
52 59 (F)
52 61 (F)
52 63 (F)
52 64 (F)
52 67 (F)
52 69 (F)
52 70 (F)
52 74 (F)
52 77 (F)
52 80 (F)
52 81 (F)
52 84 (F)
52 88 (F)
52 90 (F)
52 91 (F)
52 92 (F)
52 95 (F)
52 96 (F)
52 97 (F)
52 98 (F)
53 2 (B)
53 3 (B)
53 6 (B)
53 9 (B)
53 12 (B)
53 24 (B)
53 25 (B)
53 29 (B)
53 31 (B)
53 32 (B)
53 33 (B)
53 36 (B)
53 40 (B)
53 43 (B)
53 44 (B)
53 45 (B)
53 49 (B)
53 51 (B)
53 54 (B)
53 57 (T)
53 58 (F)
53 60 (F)
53 62 (F)
53 64 (F)
53 66 (F)
53 68 (F)
53 72 (F)
53 75 (F)
53 76 (F)
53 79 (F)
53 80 (F)
53 84 (F)
53 87 (F)
53 88 (F)
53 90 (F)
53 93 (F)
53 96 (F)
53 99 (F)
54 0 (B)
54 3 (B)
54 4 (B)
54 5 (B)
54 9 (B)
54 10 (B)
54 12 (B)
54 14 (B)
54 21 (B)
54 23 (B)
54 25 (B)
54 26 (B)
54 27 (B)
54 28 (B)
54 29 (B)
54 32 (B)
54 34 (B)
54 36 (B)
54 37 (B)
54 38 (B)
54 39 (B)
54 40 (B)
54 41 (B)
54 45 (B)
54 49 (B)
54 51 (B)
54 52 (B)
54 53 (T)
54 55 (F)
54 59 (F)
54 61 (F)
54 62 (F)
54 64 (F)
54 65 (F)
54 66 (F)
54 70 (F)
54 75 (F)
54 76 (F)
54 77 (F)
54 78 (F)
54 80 (F)
54 81 (F)
54 86 (F)
54 87 (F)
54 88 (F)
54 89 (F)
54 91 (F)
54 96 (F)
55 7 (B)
55 8 (B)
55 9 (B)
55 10 (B)
55 11 (B)
55 12 (B)
55 13 (B)
55 14 (B)
55 16 (B)
55 19 (B)
55 21 (B)
55 22 (B)
55 23 (B)
55 25 (B)
55 27 (B)
55 31 (B)
55 32 (B)
55 33 (B)
55 36 (B)
55 41 (B)
55 44 (B)
55 45 (B)
55 48 (B)
55 52 (B)
55 53 (B)
55 54 (B)
55 55 (B)
55 58 (T)
55 62 (F)
55 63 (F)
55 64 (F)
55 65 (F)
55 66 (F)
55 68 (F)
55 72 (F)
55 74 (F)
55 75 (F)
55 76 (F)
55 78 (F)
55 80 (F)
55 82 (F)
55 86 (F)
55 87 (F)
55 89 (F)
55 90 (F)
55 91 (F)
55 92 (F)
55 93 (F)
55 95 (F)
55 97 (F)
55 99 (F)
56 1 (B)
56 5 (B)
56 7 (B)
56 8 (B)
56 13 (B)
56 14 (B)
56 18 (B)
56 21 (B)
56 22 (B)
56 25 (B)
56 27 (B)
56 31 (B)
56 35 (B)
56 36 (B)
56 38 (B)
56 41 (B)
56 43 (B)
56 46 (B)
56 50 (B)
56 54 (B)
56 55 (T)
56 56 (B)
56 57 (B)
56 62 (F)
56 64 (F)
56 65 (F)
56 66 (F)
56 67 (F)
56 68 (F)
56 69 (F)
56 70 (F)
56 72 (F)
56 73 (F)
56 74 (F)
56 77 (F)
56 81 (F)
56 85 (F)
56 86 (F)
56 87 (F)
56 94 (F)
56 97 (F)
56 99 (F)
57 0 (B)
57 2 (B)
57 4 (B)
57 7 (B)
57 10 (B)
57 11 (B)
57 15 (B)
57 16 (B)
57 17 (B)
57 21 (B)
57 27 (B)
57 28 (B)
57 31 (B)
57 34 (B)
57 37 (B)
57 39 (B)
57 41 (B)
57 42 (B)
57 44 (B)
57 47 (B)
57 49 (B)
57 50 (T)
57 51 (B)
57 53 (B)
57 55 (F)
57 57 (B)
57 59 (F)
57 61 (F)
57 64 (F)
57 66 (F)
57 69 (F)
57 72 (F)
57 73 (F)
57 74 (F)
57 75 (F)
57 76 (F)
57 78 (F)
57 80 (F)
57 81 (F)
57 82 (F)
57 84 (F)
57 85 (F)
57 86 (F)
57 87 (F)
57 95 (F)
57 96 (F)
58 4 (B)
58 7 (B)
58 8 (B)
58 12 (B)
58 13 (B)
58 14 (B)
58 16 (B)
58 18 (B)
58 19 (B)
58 20 (B)
58 22 (B)
58 23 (B)
58 24 (B)
58 25 (B)
58 26 (B)
58 28 (B)
58 29 (B)
58 31 (B)
58 33 (B)
58 37 (B)
58 40 (B)
58 45 (B)
58 49 (B)
58 51 (B)
58 54 (B)
58 55 (B)
58 56 (B)
58 57 (B)
58 58 (B)
58 60 (T)
58 70 (F)
58 72 (F)
58 75 (F)
58 76 (F)
58 79 (F)
58 80 (F)
58 82 (F)
58 84 (F)
58 89 (F)
58 90 (F)
58 96 (F)
58 97 (F)
58 99 (F)
59 0 (B)
59 3 (B)
59 4 (B)
59 5 (B)
59 8 (B)
59 9 (B)
59 11 (B)
59 13 (B)
59 14 (B)
59 15 (B)
59 16 (B)
59 17 (B)
59 18 (B)
59 21 (B)
59 25 (B)
59 26 (B)
59 27 (B)
59 29 (B)
59 31 (B)
59 32 (B)
59 35 (B)
59 36 (B)
59 39 (B)
59 41 (B)
59 44 (B)
59 46 (B)
59 47 (B)
59 50 (B)
59 57 (B)
59 60 (B)
59 64 (T)
59 66 (F)
59 70 (F)
59 71 (F)
59 72 (F)
59 73 (F)
59 75 (F)
59 76 (F)
59 82 (F)
59 83 (F)
59 85 (F)
59 86 (F)
59 88 (F)
59 89 (F)
59 93 (F)
59 94 (F)
59 96 (F)
59 98 (F)
60 2 (B)
60 6 (B)
60 8 (B)
60 12 (B)
60 13 (B)
60 18 (B)
60 19 (B)
60 21 (B)
60 24 (B)
60 25 (B)
60 27 (B)
60 28 (B)
60 29 (B)
60 30 (B)
60 31 (B)
60 33 (B)
60 34 (B)
60 37 (B)
60 38 (B)
60 39 (B)
60 43 (B)
60 44 (B)
60 45 (B)
60 46 (B)
60 47 (B)
60 57 (B)
60 58 (B)
60 61 (T)
60 63 (F)
60 66 (F)
60 67 (F)
60 69 (F)
60 72 (F)
60 75 (F)
60 79 (F)
60 82 (F)
60 83 (F)
60 87 (F)
60 88 (F)
60 90 (F)
60 96 (F)
60 97 (F)
60 98 (F)
60 99 (F)
61 0 (B)
61 1 (B)
61 6 (B)
61 7 (B)
61 8 (B)
61 11 (B)
61 12 (B)
61 13 (B)
61 15 (B)
61 16 (B)
61 17 (B)
61 24 (B)
61 26 (B)
61 27 (B)
61 28 (B)
61 29 (B)
61 31 (B)
61 34 (B)
61 35 (B)
61 38 (B)
61 39 (B)
61 41 (B)
61 42 (B)
61 43 (B)
61 44 (B)
61 46 (B)
61 47 (B)
61 50 (B)
61 54 (B)
61 56 (B)
61 57 (B)
61 59 (T)
61 60 (B)
61 61 (B)
61 62 (F)
61 64 (F)
61 65 (F)
61 66 (F)
61 70 (F)
61 71 (F)
61 72 (F)
61 74 (F)
61 77 (F)
61 78 (F)
61 81 (F)
61 86 (F)
61 87 (F)
61 88 (F)
61 89 (F)
61 92 (F)
61 94 (F)
61 96 (F)
61 97 (F)
61 99 (F)
62 1 (B)
62 2 (B)
62 5 (B)
62 6 (B)
62 10 (B)
62 15 (B)
62 16 (B)
62 21 (B)
62 23 (B)
62 24 (B)
62 25 (B)
62 26 (B)
62 27 (B)
62 28 (B)
62 32 (B)
62 33 (B)
62 34 (B)
62 35 (B)
62 39 (B)
62 40 (B)
62 43 (B)
62 45 (B)
62 46 (B)
62 49 (B)
62 56 (B)
62 58 (B)
62 61 (B)
62 62 (B)
62 71 (T)
62 74 (F)
62 81 (F)
62 83 (F)
62 84 (F)
62 85 (F)
62 86 (F)
62 87 (F)
62 88 (F)
62 91 (F)
62 92 (F)
62 97 (F)
62 98 (F)
63 0 (B)
63 3 (B)
63 4 (B)
63 6 (B)
63 8 (B)
63 13 (B)
63 15 (B)
63 16 (B)
63 17 (B)
63 20 (B)
63 21 (B)
63 23 (B)
63 24 (B)
63 27 (B)
63 31 (B)
63 33 (B)
63 34 (B)
63 35 (B)
63 37 (B)
63 39 (B)
63 40 (B)
63 43 (B)
63 46 (B)
63 49 (B)
63 50 (B)
63 51 (B)
63 52 (B)
63 53 (B)
63 54 (B)
63 56 (B)
63 57 (B)
63 59 (B)
63 61 (B)
63 62 (T)
63 65 (F)
63 69 (F)
63 74 (F)
63 78 (F)
63 80 (F)
63 81 (F)
63 83 (F)
63 84 (F)
63 85 (F)
63 86 (F)
63 89 (F)
63 91 (F)
63 94 (F)
63 96 (F)
63 98 (F)
64 4 (B)
64 5 (B)
64 6 (B)
64 7 (B)
64 8 (B)
64 9 (B)
64 10 (B)
64 13 (B)
64 20 (B)
64 21 (B)
64 25 (B)
64 26 (B)
64 28 (B)
64 35 (B)
64 36 (B)
64 39 (B)
64 40 (B)
64 46 (B)
64 49 (B)
64 51 (B)
64 52 (B)
64 53 (B)
64 55 (B)
64 59 (B)
64 67 (T)
64 72 (F)
64 73 (F)
64 74 (F)
64 85 (F)
64 89 (F)
64 90 (F)
64 93 (F)
64 95 (F)
64 96 (F)
64 98 (F)
64 99 (F)
65 1 (B)
65 8 (B)
65 11 (B)
65 13 (B)
65 14 (B)
65 15 (B)
65 18 (B)
65 19 (B)
65 20 (B)
65 22 (B)
65 26 (B)
65 27 (B)
65 30 (B)
65 32 (B)
65 35 (B)
65 36 (B)
65 37 (B)
65 38 (B)
65 39 (B)
65 41 (B)
65 43 (B)
65 44 (B)
65 48 (B)
65 49 (B)
65 50 (B)
65 52 (B)
65 53 (B)
65 54 (B)
65 57 (B)
65 61 (B)
65 63 (B)
65 64 (B)
65 65 (B)
65 67 (B)
65 70 (T)
65 71 (B)
65 73 (F)
65 74 (F)
65 76 (F)
65 78 (F)
65 80 (F)
65 84 (F)
65 86 (F)
65 88 (F)
65 90 (F)
65 91 (F)
65 94 (F)
65 96 (F)
65 97 (F)
65 98 (F)
66 0 (B)
66 1 (B)
66 2 (B)
66 5 (B)
66 6 (B)
66 8 (B)
66 9 (B)
66 10 (B)
66 12 (B)
66 13 (B)
66 14 (B)
66 15 (B)
66 18 (B)
66 21 (B)
66 22 (B)
66 23 (B)
66 24 (B)
66 25 (B)
66 27 (B)
66 29 (B)
66 30 (B)
66 31 (B)
66 34 (B)
66 38 (B)
66 40 (B)
66 42 (B)
66 43 (B)
66 46 (B)
66 47 (B)
66 48 (B)
66 51 (B)
66 53 (B)
66 54 (B)
66 58 (B)
66 61 (B)
66 63 (B)
66 67 (B)
66 69 (T)
66 70 (F)
66 71 (B)
66 72 (F)
66 74 (F)
66 77 (F)
66 80 (F)
66 81 (F)
66 85 (F)
66 90 (F)
66 92 (F)
66 96 (F)
66 98 (F)
67 0 (B)
67 2 (B)
67 3 (B)
67 4 (B)
67 5 (B)
67 7 (B)
67 8 (B)
67 11 (B)
67 19 (B)
67 20 (B)
67 23 (B)
67 24 (B)
67 26 (B)
67 27 (B)
67 29 (B)
67 31 (B)
67 32 (B)
67 34 (B)
67 38 (B)
67 39 (B)
67 43 (B)
67 47 (B)
67 50 (B)
67 51 (B)
67 56 (B)
67 60 (B)
67 61 (B)
67 67 (B)
67 68 (T)
67 69 (F)
67 73 (F)
67 75 (F)
67 77 (F)
67 82 (F)
67 84 (F)
67 88 (F)
67 89 (F)
67 91 (F)
67 93 (F)
67 95 (F)
67 96 (F)
67 97 (F)
68 1 (B)
68 2 (B)
68 3 (B)
68 10 (B)
68 11 (B)
68 13 (B)
68 15 (B)
68 17 (B)
68 20 (B)
68 21 (B)
68 22 (B)
68 26 (B)
68 28 (B)
68 29 (B)
68 31 (B)
68 32 (B)
68 34 (B)
68 37 (B)
68 40 (B)
68 51 (B)
68 52 (B)
68 57 (B)
68 59 (B)
68 60 (B)
68 63 (T)
68 64 (B)
68 66 (F)
68 67 (B)
68 70 (F)
68 71 (F)
68 74 (F)
68 76 (F)
68 78 (F)
68 80 (F)
68 81 (F)
68 82 (F)
68 83 (F)
68 85 (F)
68 86 (F)
68 87 (F)
68 88 (F)
68 89 (F)
68 90 (F)
68 91 (F)
68 92 (F)
68 96 (F)
68 98 (F)
69 0 (B)
69 4 (B)
69 7 (B)
69 11 (B)
69 12 (B)
69 13 (B)
69 15 (B)
69 16 (B)
69 17 (B)
69 19 (B)
69 23 (B)
69 24 (B)
69 26 (B)
69 29 (B)
69 31 (B)
69 34 (B)
69 35 (B)
69 40 (B)
69 41 (B)
69 42 (B)
69 43 (B)
69 44 (B)
69 46 (B)
69 48 (B)
69 50 (B)
69 51 (B)
69 53 (B)
69 56 (B)
69 62 (B)
69 63 (B)
69 64 (B)
69 71 (B)
69 77 (T)
69 78 (F)
69 81 (F)
69 87 (F)
69 90 (F)
69 92 (F)
69 98 (F)
69 99 (F)
70 0 (B)
70 4 (B)
70 6 (B)
70 7 (B)
70 9 (B)
70 10 (B)
70 12 (B)
70 15 (B)
70 18 (B)
70 19 (B)
70 20 (B)
70 22 (B)
70 25 (B)
70 29 (B)
70 30 (B)
70 31 (B)
70 32 (B)
70 40 (B)
70 41 (B)
70 47 (B)
70 49 (B)
70 54 (B)
70 55 (B)
70 57 (B)
70 58 (B)
70 62 (B)
70 63 (B)
70 65 (B)
70 69 (B)
70 70 (B)
70 71 (B)
70 77 (B)
70 78 (T)
70 79 (F)
70 80 (F)
70 81 (F)
70 83 (F)
70 90 (F)
70 91 (F)
70 98 (F)
70 99 (F)
71 0 (B)
71 3 (B)
71 5 (B)
71 8 (B)
71 10 (B)
71 11 (B)
71 12 (B)
71 13 (B)
71 15 (B)
71 26 (B)
71 29 (B)
71 31 (B)
71 33 (B)
71 35 (B)
71 37 (B)
71 38 (B)
71 39 (B)
71 40 (B)
71 41 (B)
71 42 (B)
71 43 (B)
71 47 (B)
71 50 (B)
71 56 (B)
71 57 (B)
71 59 (B)
71 64 (B)
71 66 (T)
71 67 (B)
71 68 (B)
71 70 (F)
71 71 (B)
71 75 (F)
71 78 (F)
71 79 (F)
71 83 (F)
71 84 (F)
71 87 (F)
71 88 (F)
71 90 (F)
71 92 (F)
71 94 (F)
71 95 (F)
71 98 (F)
72 1 (B)
72 2 (B)
72 3 (B)
72 5 (B)
72 10 (B)
72 11 (B)
72 20 (B)
72 23 (B)
72 24 (B)
72 27 (B)
72 29 (B)
72 30 (B)
72 34 (B)
72 35 (B)
72 39 (B)
72 40 (B)
72 42 (B)
72 49 (B)
72 51 (B)
72 52 (B)
72 54 (B)
72 59 (B)
72 60 (B)
72 61 (B)
72 62 (B)
72 64 (B)
72 66 (B)
72 69 (B)
72 72 (B)
72 73 (T)
72 75 (F)
72 76 (F)
72 77 (B)
72 78 (B)
72 84 (F)
72 85 (F)
72 86 (F)
72 87 (F)
72 88 (F)
72 89 (F)
72 92 (F)
72 93 (F)
72 95 (F)
72 96 (F)
72 97 (F)
72 98 (F)
73 1 (B)
73 5 (B)
73 6 (B)
73 7 (B)
73 8 (B)
73 10 (B)
73 11 (B)
73 13 (B)
73 14 (B)
73 16 (B)
73 19 (B)
73 20 (B)
73 21 (B)
73 23 (B)
73 24 (B)
73 26 (B)
73 28 (B)
73 31 (B)
73 32 (B)
73 36 (B)
73 46 (B)
73 51 (B)
73 53 (B)
73 55 (B)
73 56 (B)
73 59 (B)
73 64 (B)
73 65 (B)
73 72 (B)
73 74 (T)
73 75 (F)
73 78 (B)
73 79 (F)
73 80 (F)
73 81 (F)
73 83 (F)
73 86 (F)
73 87 (F)
73 91 (F)
73 93 (F)
73 97 (F)
73 99 (F)
74 3 (B)
74 4 (B)
74 6 (B)
74 7 (B)
74 8 (B)
74 9 (B)
74 17 (B)
74 25 (B)
74 26 (B)
74 30 (B)
74 33 (B)
74 35 (B)
74 36 (B)
74 37 (B)
74 38 (B)
74 44 (B)
74 45 (B)
74 51 (B)
74 54 (B)
74 55 (B)
74 56 (B)
74 57 (B)
74 58 (B)
74 61 (B)
74 62 (B)
74 64 (B)
74 69 (B)
74 71 (B)
74 72 (B)
74 74 (B)
74 76 (T)
74 77 (B)
74 81 (F)
74 82 (F)
74 84 (F)
74 87 (F)
74 89 (F)
74 90 (F)
74 91 (F)
74 92 (F)
74 96 (F)
74 99 (F)
75 0 (B)
75 1 (B)
75 2 (B)
75 3 (B)
75 4 (B)
75 5 (B)
75 6 (B)
75 12 (B)
75 14 (B)
75 20 (B)
75 22 (B)
75 24 (B)
75 26 (B)
75 28 (B)
75 29 (B)
75 30 (B)
75 31 (B)
75 32 (B)
75 36 (B)
75 37 (B)
75 39 (B)
75 40 (B)
75 41 (B)
75 43 (B)
75 44 (B)
75 45 (B)
75 46 (B)
75 49 (B)
75 51 (B)
75 57 (B)
75 59 (B)
75 60 (B)
75 63 (B)
75 65 (B)
75 66 (B)
75 69 (B)
75 73 (B)
75 75 (B)
75 77 (B)
75 78 (B)
75 79 (B)
75 83 (T)
75 85 (F)
75 87 (F)
75 88 (F)
75 89 (F)
75 90 (F)
75 94 (F)
75 95 (F)
75 96 (F)
75 97 (F)
75 98 (F)
76 0 (B)
76 1 (B)
76 2 (B)
76 3 (B)
76 4 (B)
76 6 (B)
76 9 (B)
76 10 (B)
76 13 (B)
76 14 (B)
76 15 (B)
76 16 (B)
76 20 (B)
76 21 (B)
76 22 (B)
76 24 (B)
76 27 (B)
76 28 (B)
76 32 (B)
76 34 (B)
76 37 (B)
76 41 (B)
76 51 (B)
76 53 (B)
76 54 (B)
76 55 (B)
76 57 (B)
76 58 (B)
76 59 (B)
76 60 (B)
76 61 (B)
76 62 (B)
76 63 (B)
76 64 (B)
76 68 (B)
76 70 (B)
76 71 (B)
76 73 (B)
76 78 (B)
76 79 (T)
76 81 (F)
76 85 (F)
76 86 (F)
76 87 (F)
76 88 (F)
76 90 (F)
76 92 (F)
76 93 (F)
76 96 (F)
76 98 (F)
77 0 (B)
77 4 (B)
77 7 (B)
77 10 (B)
77 13 (B)
77 14 (B)
77 15 (B)
77 17 (B)
77 19 (B)
77 20 (B)
77 22 (B)
77 25 (B)
77 27 (B)
77 28 (B)
77 32 (B)
77 34 (B)
77 35 (B)
77 36 (B)
77 38 (B)
77 43 (B)
77 45 (B)
77 46 (B)
77 50 (B)
77 51 (B)
77 52 (B)
77 53 (B)
77 54 (B)
77 55 (B)
77 57 (B)
77 65 (T)
77 72 (F)
77 76 (F)
77 77 (B)
77 86 (F)
77 89 (F)
77 93 (F)
77 97 (F)
77 99 (F)
78 6 (B)
78 8 (B)
78 15 (B)
78 18 (B)
78 21 (B)
78 23 (B)
78 24 (B)
78 28 (B)
78 31 (B)
78 32 (B)
78 34 (B)
78 36 (B)
78 37 (B)
78 38 (B)
78 39 (B)
78 40 (B)
78 43 (B)
78 45 (B)
78 46 (B)
78 50 (B)
78 51 (B)
78 54 (B)
78 55 (B)
78 58 (B)
78 61 (B)
78 62 (B)
78 64 (B)
78 66 (B)
78 68 (B)
78 71 (B)
78 72 (T)
78 77 (B)
78 79 (F)
78 84 (F)
78 85 (F)
78 86 (F)
78 87 (F)
78 90 (F)
78 91 (F)
78 93 (F)
79 0 (B)
79 2 (B)
79 3 (B)
79 4 (B)
79 5 (B)
79 12 (B)
79 17 (B)
79 18 (B)
79 22 (B)
79 23 (B)
79 24 (B)
79 25 (B)
79 27 (B)
79 28 (B)
79 29 (B)
79 30 (B)
79 32 (B)
79 34 (B)
79 38 (B)
79 41 (B)
79 44 (B)
79 45 (B)
79 46 (B)
79 47 (B)
79 50 (B)
79 54 (B)
79 56 (B)
79 62 (B)
79 63 (B)
79 65 (B)
79 67 (B)
79 68 (B)
79 70 (B)
79 71 (B)
79 72 (B)
79 75 (T)
79 78 (B)
79 79 (B)
79 80 (F)
79 83 (F)
79 84 (F)
79 85 (F)
79 87 (F)
79 94 (F)
79 95 (F)
79 97 (F)
79 99 (F)
80 0 (B)
80 4 (B)
80 6 (B)
80 7 (B)
80 10 (B)
80 16 (B)
80 17 (B)
80 20 (B)
80 22 (B)
80 23 (B)
80 24 (B)
80 27 (B)
80 31 (B)
80 33 (B)
80 34 (B)
80 35 (B)
80 40 (B)
80 46 (B)
80 54 (B)
80 55 (B)
80 56 (B)
80 57 (B)
80 58 (B)
80 60 (B)
80 61 (B)
80 62 (B)
80 63 (B)
80 65 (B)
80 66 (B)
80 68 (B)
80 69 (B)
80 74 (B)
80 75 (B)
80 76 (B)
80 77 (B)
80 79 (B)
80 89 (T)
80 91 (F)
80 92 (F)
80 93 (F)
80 95 (F)
80 98 (F)
81 0 (B)
81 2 (B)
81 4 (B)
81 9 (B)
81 14 (B)
81 15 (B)
81 18 (B)
81 19 (B)
81 21 (B)
81 22 (B)
81 23 (B)
81 25 (B)
81 28 (B)
81 30 (B)
81 32 (B)
81 35 (B)
81 37 (B)
81 38 (B)
81 39 (B)
81 43 (B)
81 44 (B)
81 45 (B)
81 47 (B)
81 49 (B)
81 50 (B)
81 51 (B)
81 53 (B)
81 54 (B)
81 56 (B)
81 57 (B)
81 58 (B)
81 60 (B)
81 66 (B)
81 72 (B)
81 76 (B)
81 78 (B)
81 80 (T)
81 84 (F)
81 86 (F)
81 91 (F)
81 96 (F)
81 99 (F)
82 4 (B)
82 5 (B)
82 7 (B)
82 12 (B)
82 14 (B)
82 20 (B)
82 21 (B)
82 24 (B)
82 28 (B)
82 31 (B)
82 33 (B)
82 34 (B)
82 36 (B)
82 37 (B)
82 38 (B)
82 39 (B)
82 41 (B)
82 42 (B)
82 43 (B)
82 44 (B)
82 47 (B)
82 48 (B)
82 49 (B)
82 50 (B)
82 52 (B)
82 54 (B)
82 55 (B)
82 56 (B)
82 59 (B)
82 60 (B)
82 61 (B)
82 62 (B)
82 66 (B)
82 67 (B)
82 68 (B)
82 69 (B)
82 70 (B)
82 74 (B)
82 76 (B)
82 79 (B)
82 83 (B)
82 85 (B)
82 87 (T)
82 88 (F)
82 96 (F)
82 98 (F)
83 6 (B)
83 7 (B)
83 9 (B)
83 10 (B)
83 12 (B)
83 13 (B)
83 17 (B)
83 18 (B)
83 19 (B)
83 21 (B)
83 25 (B)
83 26 (B)
83 28 (B)
83 30 (B)
83 31 (B)
83 32 (B)
83 34 (B)
83 37 (B)
83 40 (B)
83 42 (B)
83 43 (B)
83 48 (B)
83 49 (B)
83 50 (B)
83 51 (B)
83 53 (B)
83 54 (B)
83 55 (B)
83 56 (B)
83 57 (B)
83 59 (B)
83 61 (B)
83 62 (B)
83 65 (B)
83 79 (B)
83 81 (T)
83 86 (F)
83 87 (F)
83 96 (F)
83 98 (F)
83 99 (F)
84 1 (B)
84 2 (B)
84 5 (B)
84 6 (B)
84 8 (B)
84 10 (B)
84 11 (B)
84 14 (B)
84 16 (B)
84 19 (B)
84 22 (B)
84 23 (B)
84 26 (B)
84 27 (B)
84 28 (B)
84 29 (B)
84 32 (B)
84 35 (B)
84 38 (B)
84 40 (B)
84 44 (B)
84 47 (B)
84 50 (B)
84 51 (B)
84 53 (B)
84 54 (B)
84 55 (B)
84 56 (B)
84 62 (B)
84 63 (B)
84 65 (B)
84 71 (B)
84 75 (B)
84 77 (B)
84 83 (B)
84 87 (B)
84 88 (B)
84 90 (T)
84 92 (F)
84 93 (F)
84 94 (F)
84 98 (F)
84 99 (F)
85 1 (B)
85 2 (B)
85 5 (B)
85 6 (B)
85 11 (B)
85 13 (B)
85 14 (B)
85 17 (B)
85 18 (B)
85 23 (B)
85 24 (B)
85 26 (B)
85 28 (B)
85 29 (B)
85 32 (B)
85 34 (B)
85 37 (B)
85 39 (B)
85 41 (B)
85 50 (B)
85 51 (B)
85 52 (B)
85 56 (B)
85 58 (B)
85 59 (B)
85 60 (B)
85 65 (B)
85 67 (B)
85 70 (B)
85 71 (B)
85 73 (B)
85 78 (B)
85 80 (B)
85 81 (B)
85 82 (T)
85 84 (F)
85 85 (B)
85 87 (F)
85 94 (F)
85 99 (F)
86 0 (B)
86 1 (B)
86 7 (B)
86 9 (B)
86 10 (B)
86 11 (B)
86 13 (B)
86 17 (B)
86 18 (B)
86 22 (B)
86 27 (B)
86 31 (B)
86 32 (B)
86 34 (B)
86 36 (B)
86 37 (B)
86 38 (B)
86 43 (B)
86 44 (B)
86 49 (B)
86 50 (B)
86 55 (B)
86 59 (B)
86 60 (B)
86 61 (B)
86 63 (B)
86 64 (B)
86 65 (B)
86 66 (B)
86 75 (B)
86 83 (B)
86 84 (B)
86 87 (B)
86 88 (B)
86 89 (B)
86 93 (T)
86 94 (F)
86 98 (F)
86 99 (F)
87 3 (B)
87 4 (B)
87 12 (B)
87 14 (B)
87 16 (B)
87 17 (B)
87 19 (B)
87 21 (B)
87 22 (B)
87 25 (B)
87 28 (B)
87 33 (B)
87 35 (B)
87 40 (B)
87 41 (B)
87 42 (B)
87 44 (B)
87 48 (B)
87 50 (B)
87 51 (B)
87 57 (B)
87 66 (B)
87 70 (B)
87 71 (B)
87 72 (B)
87 73 (B)
87 75 (B)
87 76 (B)
87 77 (B)
87 78 (B)
87 80 (B)
87 82 (B)
87 88 (T)
87 97 (F)
88 0 (B)
88 2 (B)
88 6 (B)
88 8 (B)
88 14 (B)
88 18 (B)
88 21 (B)
88 22 (B)
88 23 (B)
88 24 (B)
88 31 (B)
88 32 (B)
88 33 (B)
88 34 (B)
88 35 (B)
88 36 (B)
88 39 (B)
88 43 (B)
88 48 (B)
88 49 (B)
88 53 (B)
88 57 (B)
88 59 (B)
88 61 (B)
88 62 (B)
88 64 (B)
88 65 (B)
88 68 (B)
88 75 (B)
88 78 (B)
88 80 (B)
88 81 (B)
88 82 (B)
88 84 (T)
88 85 (B)
88 90 (F)
88 92 (F)
88 93 (F)
88 94 (F)
88 95 (F)
88 96 (F)
88 99 (F)
89 0 (B)
89 1 (B)
89 4 (B)
89 9 (B)
89 10 (B)
89 11 (B)
89 12 (B)
89 13 (B)
89 15 (B)
89 16 (B)
89 22 (B)
89 24 (B)
89 29 (B)
89 31 (B)
89 32 (B)
89 35 (B)
89 36 (B)
89 38 (B)
89 39 (B)
89 41 (B)
89 42 (B)
89 44 (B)
89 45 (B)
89 46 (B)
89 47 (B)
89 49 (B)
89 51 (B)
89 53 (B)
89 57 (B)
89 59 (B)
89 60 (B)
89 62 (B)
89 64 (B)
89 66 (B)
89 70 (B)
89 71 (B)
89 72 (B)
89 73 (B)
89 79 (B)
89 81 (B)
89 85 (T)
89 88 (F)
89 90 (F)
89 92 (F)
89 95 (F)
90 0 (B)
90 1 (B)
90 3 (B)
90 6 (B)
90 7 (B)
90 9 (B)
90 10 (B)
90 11 (B)
90 13 (B)
90 15 (B)
90 16 (B)
90 17 (B)
90 19 (B)
90 21 (B)
90 24 (B)
90 25 (B)
90 27 (B)
90 28 (B)
90 32 (B)
90 33 (B)
90 38 (B)
90 39 (B)
90 45 (B)
90 46 (B)
90 47 (B)
90 48 (B)
90 49 (B)
90 50 (B)
90 52 (B)
90 54 (B)
90 58 (B)
90 60 (B)
90 64 (B)
90 65 (B)
90 68 (B)
90 72 (B)
90 73 (B)
90 75 (B)
90 80 (B)
90 81 (B)
90 82 (B)
90 85 (B)
90 89 (B)
90 97 (T)
90 99 (F)
91 2 (B)
91 3 (B)
91 5 (B)
91 6 (B)
91 8 (B)
91 14 (B)
91 15 (B)
91 16 (B)
91 18 (B)
91 19 (B)
91 20 (B)
91 25 (B)
91 31 (B)
91 34 (B)
91 35 (B)
91 37 (B)
91 38 (B)
91 40 (B)
91 41 (B)
91 42 (B)
91 44 (B)
91 45 (B)
91 46 (B)
91 48 (B)
91 50 (B)
91 53 (B)
91 55 (B)
91 57 (B)
91 59 (B)
91 62 (B)
91 67 (B)
91 68 (B)
91 72 (B)
91 74 (B)
91 77 (B)
91 78 (B)
91 79 (B)
91 80 (B)
91 81 (B)
91 83 (B)
91 87 (B)
91 91 (B)
91 92 (T)
91 93 (B)
91 95 (T)
91 97 (B)
91 98 (F)
91 99 (F)
92 0 (B)
92 2 (B)
92 6 (B)
92 14 (B)
92 15 (B)
92 16 (B)
92 17 (B)
92 19 (B)
92 20 (B)
92 21 (B)
92 23 (B)
92 25 (B)
92 27 (B)
92 29 (B)
92 36 (B)
92 38 (B)
92 41 (B)
92 50 (B)
92 51 (B)
92 52 (B)
92 56 (B)
92 59 (B)
92 62 (B)
92 63 (B)
92 68 (B)
92 71 (B)
92 75 (B)
92 81 (B)
92 83 (B)
92 87 (B)
92 90 (B)
92 92 (B)
93 0 (B)
93 5 (B)
93 8 (B)
93 9 (B)
93 13 (B)
93 14 (B)
93 15 (B)
93 16 (B)
93 17 (B)
93 18 (B)
93 19 (B)
93 25 (B)
93 26 (B)
93 33 (B)
93 34 (B)
93 36 (B)
93 39 (B)
93 40 (B)
93 41 (B)
93 44 (B)
93 46 (B)
93 47 (B)
93 49 (B)
93 50 (B)
93 52 (B)
93 55 (B)
93 56 (B)
93 57 (B)
93 58 (B)
93 62 (B)
93 64 (B)
93 66 (B)
93 67 (B)
93 70 (B)
93 71 (B)
93 72 (B)
93 73 (B)
93 74 (B)
93 75 (B)
93 77 (B)
93 78 (B)
93 80 (B)
93 85 (B)
93 91 (T)
93 92 (F)
93 93 (B)
93 95 (F)
93 97 (B)
93 98 (F)
94 0 (B)
94 2 (B)
94 4 (B)
94 6 (B)
94 8 (B)
94 11 (B)
94 13 (B)
94 16 (B)
94 17 (B)
94 18 (B)
94 19 (B)
94 23 (B)
94 25 (B)
94 28 (B)
94 29 (B)
94 30 (B)
94 31 (B)
94 32 (B)
94 33 (B)
94 34 (B)
94 38 (B)
94 39 (B)
94 40 (B)
94 44 (B)
94 45 (B)
94 47 (B)
94 49 (B)
94 51 (B)
94 54 (B)
94 55 (B)
94 57 (B)
94 58 (B)
94 60 (B)
94 63 (B)
94 68 (B)
94 74 (B)
94 75 (B)
94 78 (B)
94 79 (B)
94 81 (B)
94 82 (B)
94 83 (B)
94 86 (B)
94 88 (B)
94 89 (B)
94 92 (C)
94 96 (B)
94 97 (B)
94 98 (T)
95 1 (B)
95 3 (B)
95 6 (B)
95 7 (B)
95 8 (B)
95 11 (B)
95 20 (B)
95 23 (B)
95 24 (B)
95 27 (B)
95 28 (B)
95 31 (B)
95 34 (B)
95 36 (B)
95 37 (B)
95 38 (B)
95 39 (B)
95 41 (B)
95 43 (B)
95 45 (B)
95 48 (B)
95 52 (B)
95 54 (B)
95 56 (B)
95 62 (B)
95 63 (B)
95 66 (B)
95 70 (B)
95 72 (B)
95 75 (B)
95 77 (B)
95 78 (B)
95 79 (B)
95 80 (B)
95 81 (B)
95 85 (B)
95 89 (B)
95 90 (B)
95 93 (B)
95 96 (T)
95 97 (B)
96 0 (B)
96 1 (B)
96 2 (B)
96 3 (B)
96 5 (B)
96 8 (B)
96 9 (B)
96 10 (B)
96 11 (B)
96 13 (B)
96 14 (B)
96 17 (B)
96 18 (B)
96 20 (B)
96 22 (B)
96 25 (B)
96 27 (B)
96 28 (B)
96 31 (B)
96 34 (B)
96 39 (B)
96 41 (B)
96 43 (B)
96 44 (B)
96 45 (B)
96 47 (B)
96 54 (B)
96 55 (B)
96 61 (B)
96 62 (B)
96 63 (B)
96 66 (B)
96 67 (B)
96 70 (B)
96 71 (B)
96 73 (B)
96 75 (B)
96 76 (B)
96 77 (B)
96 80 (B)
96 82 (B)
96 85 (B)
96 88 (B)
96 89 (B)
96 91 (B)
96 92 (C)
96 93 (B)
96 94 (T)
96 95 (B)
96 97 (B)
96 98 (F)
97 0 (B)
97 3 (B)
97 4 (B)
97 7 (B)
97 8 (B)
97 9 (B)
97 10 (B)
97 11 (B)
97 14 (B)
97 15 (B)
97 16 (B)
97 20 (B)
97 21 (B)
97 25 (B)
97 27 (B)
97 30 (B)
97 32 (B)
97 33 (B)
97 39 (B)
97 41 (B)
97 44 (B)
97 46 (B)
97 47 (B)
97 50 (B)
97 52 (B)
97 56 (B)
97 59 (B)
97 61 (B)
97 62 (B)
97 64 (B)
97 67 (B)
97 68 (B)
97 71 (B)
97 72 (B)
97 74 (B)
97 77 (B)
97 78 (B)
97 79 (B)
97 80 (B)
97 81 (B)
97 85 (B)
97 86 (T)
97 87 (B)
97 89 (B)
97 90 (B)
97 91 (F)
97 92 (F)
97 94 (F)
97 95 (F)
97 96 (F)
97 97 (B)
97 99 (F)
98 1 (B)
98 5 (B)
98 8 (B)
98 10 (B)
98 11 (B)
98 12 (B)
98 14 (B)
98 15 (B)
98 17 (B)
98 19 (B)
98 20 (B)
98 23 (B)
98 28 (B)
98 31 (B)
98 33 (B)
98 35 (B)
98 37 (B)
98 38 (B)
98 39 (B)
98 40 (B)
98 41 (B)
98 44 (B)
98 45 (B)
98 48 (B)
98 49 (B)
98 50 (B)
98 51 (B)
98 52 (B)
98 53 (B)
98 56 (B)
98 57 (B)
98 60 (B)
98 61 (B)
98 63 (B)
98 64 (B)
98 65 (B)
98 67 (B)
98 71 (B)
98 72 (B)
98 81 (B)
98 89 (B)
98 90 (B)
98 91 (B)
98 92 (C)
98 99 (T)
99 0 (B)
99 2 (B)
99 8 (B)
99 10 (B)
99 11 (B)
99 12 (B)
99 15 (B)
99 17 (B)
99 20 (B)
99 21 (B)
99 23 (B)
99 29 (B)
99 35 (B)
99 36 (B)
99 38 (B)
99 39 (B)
99 43 (B)
99 47 (B)
99 52 (B)
99 53 (B)
99 55 (B)
99 58 (B)
99 59 (B)
99 62 (B)
99 64 (B)
99 68 (B)
99 71 (B)
99 75 (B)
99 81 (B)
99 84 (B)
99 85 (B)
99 87 (B)
99 96 (B)
99 98 (B)
